2022-06-06 17:03:42,363 INFO org.springframework.boot.StartupInfoLogger [main] Starting AccountSchedulerApplication using Java 11.0.14 on Alexey with PID 8328 (D:\Alexey\final project\finance\account-scheduler-service\target\classes started by Алексей in D:\Alexey\final project\finance)
2022-06-06 17:03:42,363 INFO org.springframework.boot.SpringApplication [main] No active profile set, falling back to 1 default profile: "default"
2022-06-06 17:03:42,972 INFO org.springframework.data.repository.config.RepositoryConfigurationDelegate [main] Bootstrapping Spring Data JPA repositories in DEFAULT mode.
2022-06-06 17:03:43,034 INFO org.springframework.data.repository.config.RepositoryConfigurationDelegate [main] Finished Spring Data repository scanning in 50 ms. Found 3 JPA repository interfaces.
2022-06-06 17:03:43,441 INFO org.springframework.boot.web.embedded.tomcat.TomcatWebServer [main] Tomcat initialized with port(s): 8080 (http)
2022-06-06 17:03:43,456 INFO org.apache.juli.logging.DirectJDKLog [main] Initializing ProtocolHandler ["http-nio-8080"]
2022-06-06 17:03:43,456 INFO org.apache.juli.logging.DirectJDKLog [main] Starting service [Tomcat]
2022-06-06 17:03:43,456 INFO org.apache.juli.logging.DirectJDKLog [main] Starting Servlet engine: [Apache Tomcat/9.0.62]
2022-06-06 17:03:43,566 INFO org.apache.juli.logging.DirectJDKLog [main] Initializing Spring embedded WebApplicationContext
2022-06-06 17:03:43,566 INFO org.springframework.boot.web.servlet.context.ServletWebServerApplicationContext [main] Root WebApplicationContext: initialization completed in 1157 ms
2022-06-06 17:03:43,675 INFO com.zaxxer.hikari.HikariDataSource [main] HikariPool-1 - Starting...
2022-06-06 17:03:43,816 INFO com.zaxxer.hikari.HikariDataSource [main] HikariPool-1 - Start completed.
2022-06-06 17:03:43,847 INFO org.hibernate.jpa.internal.util.LogHelper [main] HHH000204: Processing PersistenceUnitInfo [name: default]
2022-06-06 17:03:43,878 INFO org.hibernate.Version [main] HHH000412: Hibernate ORM core version 5.6.8.Final
2022-06-06 17:03:43,988 INFO org.hibernate.annotations.common.reflection.java.JavaReflectionManager [main] HCANN000001: Hibernate Commons Annotations {5.1.2.Final}
2022-06-06 17:03:44,097 INFO org.hibernate.dialect.Dialect [main] HHH000400: Using dialect: org.hibernate.dialect.PostgreSQL10Dialect
2022-06-06 17:03:44,504 INFO org.hibernate.engine.transaction.jta.platform.internal.JtaPlatformInitiator [main] HHH000490: Using JtaPlatform implementation: [org.hibernate.engine.transaction.jta.platform.internal.NoJtaPlatform]
2022-06-06 17:03:44,504 INFO org.springframework.orm.jpa.AbstractEntityManagerFactoryBean [main] Initialized JPA EntityManagerFactory for persistence unit 'default'
2022-06-06 17:03:44,551 WARN org.springframework.boot.autoconfigure.orm.jpa.JpaBaseConfiguration$JpaWebConfiguration [main] spring.jpa.open-in-view is enabled by default. Therefore, database queries may be performed during view rendering. Explicitly configure spring.jpa.open-in-view to disable this warning
2022-06-06 17:03:44,911 INFO org.quartz.impl.StdSchedulerFactory [main] Using default implementation for ThreadExecutor
2022-06-06 17:03:44,926 INFO org.quartz.core.SchedulerSignalerImpl [main] Initialized Scheduler Signaller of type: class org.quartz.core.SchedulerSignalerImpl
2022-06-06 17:03:44,926 INFO org.quartz.core.QuartzScheduler [main] Quartz Scheduler v.2.3.2 created.
2022-06-06 17:03:44,926 INFO org.quartz.impl.jdbcjobstore.JobStoreSupport [main] Using db table-based data access locking (synchronization).
2022-06-06 17:03:44,926 INFO org.quartz.impl.jdbcjobstore.JobStoreCMT [main] JobStoreCMT initialized.
2022-06-06 17:03:44,926 INFO org.quartz.core.QuartzScheduler [main] Scheduler meta-data: Quartz Scheduler (v2.3.2) 'quartzScheduler' with instanceId 'NON_CLUSTERED'
  Scheduler class: 'org.quartz.core.QuartzScheduler' - running locally.
  NOT STARTED.
  Currently in standby mode.
  Number of jobs executed: 0
  Using thread pool 'org.quartz.simpl.SimpleThreadPool' - with 10 threads.
  Using job-store 'org.springframework.scheduling.quartz.LocalDataSourceJobStore' - which supports persistence. and is not clustered.

2022-06-06 17:03:44,926 INFO org.quartz.impl.StdSchedulerFactory [main] Quartz scheduler 'quartzScheduler' initialized from an externally provided properties instance.
2022-06-06 17:03:44,926 INFO org.quartz.impl.StdSchedulerFactory [main] Quartz scheduler version: 2.3.2
2022-06-06 17:03:44,926 INFO org.quartz.core.QuartzScheduler [main] JobFactory set to: org.springframework.scheduling.quartz.SpringBeanJobFactory@48bab2c6
2022-06-06 17:03:45,020 WARN org.springframework.boot.autoconfigure.security.servlet.UserDetailsServiceAutoConfiguration [main] 

Using generated security password: 2c7236b3-dfbb-40a5-bb37-009f7961e2ac

This generated password is for development use only. Your security configuration must be updated before running your application in production.

2022-06-06 17:03:45,176 INFO org.springframework.security.web.DefaultSecurityFilterChain [main] Will secure any request with [org.springframework.security.web.context.request.async.WebAsyncManagerIntegrationFilter@282240, org.springframework.security.web.context.SecurityContextPersistenceFilter@603faaad, org.springframework.security.web.header.HeaderWriterFilter@7b1d2f65, org.springframework.web.filter.CorsFilter@3b590f6a, org.springframework.security.web.authentication.logout.LogoutFilter@6f8fb906, by.itacademy.account.scheduler.controller.filter.JwtFilter@5d152bcd, org.springframework.security.web.savedrequest.RequestCacheAwareFilter@28d16af8, org.springframework.security.web.servletapi.SecurityContextHolderAwareRequestFilter@21bd6fd1, org.springframework.security.web.authentication.AnonymousAuthenticationFilter@1e160a9e, org.springframework.security.web.session.SessionManagementFilter@2f9236d8, org.springframework.security.web.access.ExceptionTranslationFilter@3db5195, org.springframework.security.web.access.intercept.FilterSecurityInterceptor@7d4b32d1]
2022-06-06 17:03:45,333 INFO org.apache.juli.logging.DirectJDKLog [main] Starting ProtocolHandler ["http-nio-8080"]
2022-06-06 17:03:45,348 INFO org.springframework.boot.web.embedded.tomcat.TomcatWebServer [main] Tomcat started on port(s): 8080 (http) with context path ''
2022-06-06 17:03:45,348 INFO org.springframework.scheduling.quartz.SchedulerFactoryBean [main] Starting Quartz Scheduler now
2022-06-06 17:03:45,364 INFO org.quartz.impl.jdbcjobstore.JobStoreSupport [main] Freed 1 triggers from 'acquired' / 'blocked' state.
2022-06-06 17:03:45,379 INFO org.quartz.impl.jdbcjobstore.JobStoreSupport [main] Recovering 0 jobs that were in-progress at the time of the last shut-down.
2022-06-06 17:03:45,379 INFO org.quartz.impl.jdbcjobstore.JobStoreSupport [main] Recovery complete.
2022-06-06 17:03:45,379 INFO org.quartz.impl.jdbcjobstore.JobStoreSupport [main] Removed 0 'complete' triggers.
2022-06-06 17:03:45,379 INFO org.quartz.impl.jdbcjobstore.JobStoreSupport [main] Removed 1 stale fired job entries.
2022-06-06 17:03:45,379 INFO org.quartz.core.QuartzScheduler [main] Scheduler quartzScheduler_$_NON_CLUSTERED started.
2022-06-06 17:03:45,395 INFO org.springframework.boot.StartupInfoLogger [main] Started AccountSchedulerApplication in 3.652 seconds (JVM running for 4.458)
2022-06-06 17:05:53,551 INFO org.springframework.boot.StartupInfoLogger [main] Starting AccountSchedulerApplication using Java 11.0.14 on Alexey with PID 4368 (D:\Alexey\final project\finance\account-scheduler-service\target\classes started by Алексей in D:\Alexey\final project\finance)
2022-06-06 17:05:53,567 INFO org.springframework.boot.SpringApplication [main] No active profile set, falling back to 1 default profile: "default"
2022-06-06 17:05:54,223 INFO org.springframework.data.repository.config.RepositoryConfigurationDelegate [main] Bootstrapping Spring Data JPA repositories in DEFAULT mode.
2022-06-06 17:05:54,286 INFO org.springframework.data.repository.config.RepositoryConfigurationDelegate [main] Finished Spring Data repository scanning in 51 ms. Found 3 JPA repository interfaces.
2022-06-06 17:05:54,690 INFO org.springframework.boot.web.embedded.tomcat.TomcatWebServer [main] Tomcat initialized with port(s): 8080 (http)
2022-06-06 17:05:54,706 INFO org.apache.juli.logging.DirectJDKLog [main] Initializing ProtocolHandler ["http-nio-8080"]
2022-06-06 17:05:54,721 INFO org.apache.juli.logging.DirectJDKLog [main] Starting service [Tomcat]
2022-06-06 17:05:54,721 INFO org.apache.juli.logging.DirectJDKLog [main] Starting Servlet engine: [Apache Tomcat/9.0.62]
2022-06-06 17:05:54,815 INFO org.apache.juli.logging.DirectJDKLog [main] Initializing Spring embedded WebApplicationContext
2022-06-06 17:05:54,815 INFO org.springframework.boot.web.servlet.context.ServletWebServerApplicationContext [main] Root WebApplicationContext: initialization completed in 1201 ms
2022-06-06 17:05:54,924 INFO com.zaxxer.hikari.HikariDataSource [main] HikariPool-1 - Starting...
2022-06-06 17:05:55,049 INFO com.zaxxer.hikari.HikariDataSource [main] HikariPool-1 - Start completed.
2022-06-06 17:05:55,081 INFO org.hibernate.jpa.internal.util.LogHelper [main] HHH000204: Processing PersistenceUnitInfo [name: default]
2022-06-06 17:05:55,112 INFO org.hibernate.Version [main] HHH000412: Hibernate ORM core version 5.6.8.Final
2022-06-06 17:05:55,237 INFO org.hibernate.annotations.common.reflection.java.JavaReflectionManager [main] HCANN000001: Hibernate Commons Annotations {5.1.2.Final}
2022-06-06 17:05:55,315 INFO org.hibernate.dialect.Dialect [main] HHH000400: Using dialect: org.hibernate.dialect.PostgreSQL10Dialect
2022-06-06 17:05:55,737 INFO org.hibernate.engine.transaction.jta.platform.internal.JtaPlatformInitiator [main] HHH000490: Using JtaPlatform implementation: [org.hibernate.engine.transaction.jta.platform.internal.NoJtaPlatform]
2022-06-06 17:05:55,752 INFO org.springframework.orm.jpa.AbstractEntityManagerFactoryBean [main] Initialized JPA EntityManagerFactory for persistence unit 'default'
2022-06-06 17:05:55,784 WARN org.springframework.boot.autoconfigure.orm.jpa.JpaBaseConfiguration$JpaWebConfiguration [main] spring.jpa.open-in-view is enabled by default. Therefore, database queries may be performed during view rendering. Explicitly configure spring.jpa.open-in-view to disable this warning
2022-06-06 17:05:56,143 INFO org.quartz.impl.StdSchedulerFactory [main] Using default implementation for ThreadExecutor
2022-06-06 17:05:56,159 INFO org.quartz.core.SchedulerSignalerImpl [main] Initialized Scheduler Signaller of type: class org.quartz.core.SchedulerSignalerImpl
2022-06-06 17:05:56,159 INFO org.quartz.core.QuartzScheduler [main] Quartz Scheduler v.2.3.2 created.
2022-06-06 17:05:56,159 INFO org.quartz.impl.jdbcjobstore.JobStoreSupport [main] Using db table-based data access locking (synchronization).
2022-06-06 17:05:56,159 INFO org.quartz.impl.jdbcjobstore.JobStoreCMT [main] JobStoreCMT initialized.
2022-06-06 17:05:56,159 INFO org.quartz.core.QuartzScheduler [main] Scheduler meta-data: Quartz Scheduler (v2.3.2) 'quartzScheduler' with instanceId 'NON_CLUSTERED'
  Scheduler class: 'org.quartz.core.QuartzScheduler' - running locally.
  NOT STARTED.
  Currently in standby mode.
  Number of jobs executed: 0
  Using thread pool 'org.quartz.simpl.SimpleThreadPool' - with 10 threads.
  Using job-store 'org.springframework.scheduling.quartz.LocalDataSourceJobStore' - which supports persistence. and is not clustered.

2022-06-06 17:05:56,159 INFO org.quartz.impl.StdSchedulerFactory [main] Quartz scheduler 'quartzScheduler' initialized from an externally provided properties instance.
2022-06-06 17:05:56,159 INFO org.quartz.impl.StdSchedulerFactory [main] Quartz scheduler version: 2.3.2
2022-06-06 17:05:56,159 INFO org.quartz.core.QuartzScheduler [main] JobFactory set to: org.springframework.scheduling.quartz.SpringBeanJobFactory@709d2a6c
2022-06-06 17:05:56,253 WARN org.springframework.boot.autoconfigure.security.servlet.UserDetailsServiceAutoConfiguration [main] 

Using generated security password: eb0b61b4-3f72-4cc8-8b9e-69c301d12243

This generated password is for development use only. Your security configuration must be updated before running your application in production.

2022-06-06 17:05:56,409 INFO org.springframework.security.web.DefaultSecurityFilterChain [main] Will secure any request with [org.springframework.security.web.context.request.async.WebAsyncManagerIntegrationFilter@516155b5, org.springframework.security.web.context.SecurityContextPersistenceFilter@50f6ecab, org.springframework.security.web.header.HeaderWriterFilter@17ea3bc0, org.springframework.web.filter.CorsFilter@799fc4c9, org.springframework.security.web.authentication.logout.LogoutFilter@3a66d97e, by.itacademy.account.scheduler.controller.filter.JwtFilter@5d1b1c2a, org.springframework.security.web.savedrequest.RequestCacheAwareFilter@58647985, org.springframework.security.web.servletapi.SecurityContextHolderAwareRequestFilter@6cb3463b, org.springframework.security.web.authentication.AnonymousAuthenticationFilter@44428583, org.springframework.security.web.session.SessionManagementFilter@7c857e8f, org.springframework.security.web.access.ExceptionTranslationFilter@70f76276, org.springframework.security.web.access.intercept.FilterSecurityInterceptor@2cb53bfc]
2022-06-06 17:05:56,549 INFO org.apache.juli.logging.DirectJDKLog [main] Starting ProtocolHandler ["http-nio-8080"]
2022-06-06 17:05:56,565 INFO org.springframework.boot.web.embedded.tomcat.TomcatWebServer [main] Tomcat started on port(s): 8080 (http) with context path ''
2022-06-06 17:05:56,581 INFO org.springframework.scheduling.quartz.SchedulerFactoryBean [main] Starting Quartz Scheduler now
2022-06-06 17:05:56,596 INFO org.quartz.impl.jdbcjobstore.JobStoreSupport [main] Freed 1 triggers from 'acquired' / 'blocked' state.
2022-06-06 17:05:56,596 INFO org.quartz.impl.jdbcjobstore.JobStoreSupport [main] Recovering 0 jobs that were in-progress at the time of the last shut-down.
2022-06-06 17:05:56,596 INFO org.quartz.impl.jdbcjobstore.JobStoreSupport [main] Recovery complete.
2022-06-06 17:05:56,596 INFO org.quartz.impl.jdbcjobstore.JobStoreSupport [main] Removed 0 'complete' triggers.
2022-06-06 17:05:56,596 INFO org.quartz.impl.jdbcjobstore.JobStoreSupport [main] Removed 1 stale fired job entries.
2022-06-06 17:05:56,596 INFO org.quartz.core.QuartzScheduler [main] Scheduler quartzScheduler_$_NON_CLUSTERED started.
2022-06-06 17:05:56,625 INFO org.springframework.boot.StartupInfoLogger [main] Started AccountSchedulerApplication in 3.908 seconds (JVM running for 5.008)
2022-06-06 17:08:23,396 INFO org.apache.juli.logging.DirectJDKLog [http-nio-8080-exec-1] Initializing Spring DispatcherServlet 'dispatcherServlet'
2022-06-06 17:08:23,398 INFO org.springframework.web.servlet.FrameworkServlet [http-nio-8080-exec-1] Initializing Servlet 'dispatcherServlet'
2022-06-06 17:08:23,416 INFO org.springframework.web.servlet.FrameworkServlet [http-nio-8080-exec-1] Completed initialization in 18 ms
