2022-06-06 16:31:44,693 INFO org.springframework.boot.StartupInfoLogger [main] Starting ClassifierApplication using Java 11.0.14 on Alexey with PID 11556 (D:\Alexey\final project\finance\classifier-service\target\classes started by Алексей in D:\Alexey\final project\finance)
2022-06-06 16:31:44,693 INFO org.springframework.boot.SpringApplication [main] No active profile set, falling back to 1 default profile: "default"
2022-06-06 16:31:45,349 INFO org.springframework.data.repository.config.RepositoryConfigurationDelegate [main] Bootstrapping Spring Data JPA repositories in DEFAULT mode.
2022-06-06 16:31:45,396 INFO org.springframework.data.repository.config.RepositoryConfigurationDelegate [main] Finished Spring Data repository scanning in 42 ms. Found 2 JPA repository interfaces.
2022-06-06 16:31:45,787 INFO org.springframework.boot.web.embedded.tomcat.TomcatWebServer [main] Tomcat initialized with port(s): 8082 (http)
2022-06-06 16:31:45,802 INFO org.apache.juli.logging.DirectJDKLog [main] Initializing ProtocolHandler ["http-nio-8082"]
2022-06-06 16:31:45,802 INFO org.apache.juli.logging.DirectJDKLog [main] Starting service [Tomcat]
2022-06-06 16:31:45,802 INFO org.apache.juli.logging.DirectJDKLog [main] Starting Servlet engine: [Apache Tomcat/9.0.62]
2022-06-06 16:31:45,896 INFO org.apache.juli.logging.DirectJDKLog [main] Initializing Spring embedded WebApplicationContext
2022-06-06 16:31:45,896 INFO org.springframework.boot.web.servlet.context.ServletWebServerApplicationContext [main] Root WebApplicationContext: initialization completed in 1156 ms
2022-06-06 16:31:46,021 INFO com.zaxxer.hikari.HikariDataSource [main] HikariPool-1 - Starting...
2022-06-06 16:31:46,146 INFO com.zaxxer.hikari.HikariDataSource [main] HikariPool-1 - Start completed.
2022-06-06 16:31:46,193 INFO org.hibernate.jpa.internal.util.LogHelper [main] HHH000204: Processing PersistenceUnitInfo [name: default]
2022-06-06 16:31:46,224 INFO org.hibernate.Version [main] HHH000412: Hibernate ORM core version 5.6.8.Final
2022-06-06 16:31:46,333 INFO org.hibernate.annotations.common.reflection.java.JavaReflectionManager [main] HCANN000001: Hibernate Commons Annotations {5.1.2.Final}
2022-06-06 16:31:46,412 INFO org.hibernate.dialect.Dialect [main] HHH000400: Using dialect: org.hibernate.dialect.PostgreSQL10Dialect
2022-06-06 16:31:46,802 INFO org.hibernate.engine.transaction.jta.platform.internal.JtaPlatformInitiator [main] HHH000490: Using JtaPlatform implementation: [org.hibernate.engine.transaction.jta.platform.internal.NoJtaPlatform]
2022-06-06 16:31:46,818 INFO org.springframework.orm.jpa.AbstractEntityManagerFactoryBean [main] Initialized JPA EntityManagerFactory for persistence unit 'default'
2022-06-06 16:31:46,865 WARN org.springframework.boot.autoconfigure.orm.jpa.JpaBaseConfiguration$JpaWebConfiguration [main] spring.jpa.open-in-view is enabled by default. Therefore, database queries may be performed during view rendering. Explicitly configure spring.jpa.open-in-view to disable this warning
2022-06-06 16:31:47,083 WARN org.springframework.boot.autoconfigure.security.servlet.UserDetailsServiceAutoConfiguration [main] 

Using generated security password: b5ffb844-75e5-4737-837e-d9e5468c65f8

This generated password is for development use only. Your security configuration must be updated before running your application in production.

2022-06-06 16:31:47,240 INFO org.springframework.security.web.DefaultSecurityFilterChain [main] Will secure any request with [org.springframework.security.web.context.request.async.WebAsyncManagerIntegrationFilter@7341baa3, org.springframework.security.web.context.SecurityContextPersistenceFilter@52f7fa65, org.springframework.security.web.header.HeaderWriterFilter@2c978637, org.springframework.web.filter.CorsFilter@1ca0aa40, org.springframework.security.web.authentication.logout.LogoutFilter@83e5898, by.itacademy.classifier.controller.filter.JwtFilter@f0a66bd, org.springframework.security.web.savedrequest.RequestCacheAwareFilter@7bfcc108, org.springframework.security.web.servletapi.SecurityContextHolderAwareRequestFilter@3494a35e, org.springframework.security.web.authentication.AnonymousAuthenticationFilter@626766fd, org.springframework.security.web.session.SessionManagementFilter@7f8cd5fc, org.springframework.security.web.access.ExceptionTranslationFilter@3ffa0f38, org.springframework.security.web.access.intercept.FilterSecurityInterceptor@7a51dc38]
2022-06-06 16:31:47,396 INFO org.apache.juli.logging.DirectJDKLog [main] Starting ProtocolHandler ["http-nio-8082"]
2022-06-06 16:31:47,412 INFO org.springframework.boot.web.embedded.tomcat.TomcatWebServer [main] Tomcat started on port(s): 8082 (http) with context path ''
2022-06-06 16:31:47,412 INFO org.springframework.boot.StartupInfoLogger [main] Started ClassifierApplication in 3.74 seconds (JVM running for 4.685)
2022-06-06 16:32:03,914 INFO org.apache.juli.logging.DirectJDKLog [http-nio-8082-exec-1] Initializing Spring DispatcherServlet 'dispatcherServlet'
2022-06-06 16:32:03,915 INFO org.springframework.web.servlet.FrameworkServlet [http-nio-8082-exec-1] Initializing Servlet 'dispatcherServlet'
2022-06-06 16:32:03,916 INFO org.springframework.web.servlet.FrameworkServlet [http-nio-8082-exec-1] Completed initialization in 1 ms
2022-06-06 16:32:47,422 ERROR by.itacademy.classifier.dto.util.validator.CurrencyDtoValidator [http-nio-8082-exec-2] CurrencyId AO is not valid.
2022-06-06 16:32:47,424 ERROR by.itacademy.classifier.dto.util.validator.CurrencyDtoValidator [http-nio-8082-exec-2] CurrencyDto is not valid.
by.itacademy.classifier.advice.MultipleValidateException: null
	at by.itacademy.classifier.dto.util.validator.CurrencyDtoValidator.validateDto(CurrencyDtoValidator.java:25)
	at by.itacademy.classifier.service.CurrencyService.addCurrency(CurrencyService.java:38)
	at by.itacademy.classifier.controller.ClassifierController.addNewCurrency(ClassifierController.java:32)
	at java.base/jdk.internal.reflect.NativeMethodAccessorImpl.invoke0(Native Method)
	at java.base/jdk.internal.reflect.NativeMethodAccessorImpl.invoke(NativeMethodAccessorImpl.java:62)
	at java.base/jdk.internal.reflect.DelegatingMethodAccessorImpl.invoke(DelegatingMethodAccessorImpl.java:43)
	at java.base/java.lang.reflect.Method.invoke(Method.java:566)
	at org.springframework.web.method.support.InvocableHandlerMethod.doInvoke(InvocableHandlerMethod.java:205)
	at org.springframework.web.method.support.InvocableHandlerMethod.invokeForRequest(InvocableHandlerMethod.java:150)
	at org.springframework.web.servlet.mvc.method.annotation.ServletInvocableHandlerMethod.invokeAndHandle(ServletInvocableHandlerMethod.java:117)
	at org.springframework.web.servlet.mvc.method.annotation.RequestMappingHandlerAdapter.invokeHandlerMethod(RequestMappingHandlerAdapter.java:895)
	at org.springframework.web.servlet.mvc.method.annotation.RequestMappingHandlerAdapter.handleInternal(RequestMappingHandlerAdapter.java:808)
	at org.springframework.web.servlet.mvc.method.AbstractHandlerMethodAdapter.handle(AbstractHandlerMethodAdapter.java:87)
	at org.springframework.web.servlet.DispatcherServlet.doDispatch(DispatcherServlet.java:1067)
	at org.springframework.web.servlet.DispatcherServlet.doService(DispatcherServlet.java:963)
	at org.springframework.web.servlet.FrameworkServlet.processRequest(FrameworkServlet.java:1006)
	at org.springframework.web.servlet.FrameworkServlet.doPost(FrameworkServlet.java:909)
	at javax.servlet.http.HttpServlet.service(HttpServlet.java:681)
	at org.springframework.web.servlet.FrameworkServlet.service(FrameworkServlet.java:883)
	at javax.servlet.http.HttpServlet.service(HttpServlet.java:764)
	at org.apache.catalina.core.ApplicationFilterChain.internalDoFilter(ApplicationFilterChain.java:227)
	at org.apache.catalina.core.ApplicationFilterChain.doFilter(ApplicationFilterChain.java:162)
	at org.apache.tomcat.websocket.server.WsFilter.doFilter(WsFilter.java:53)
	at org.apache.catalina.core.ApplicationFilterChain.internalDoFilter(ApplicationFilterChain.java:189)
	at org.apache.catalina.core.ApplicationFilterChain.doFilter(ApplicationFilterChain.java:162)
	at org.springframework.web.filter.OncePerRequestFilter.doFilter(OncePerRequestFilter.java:111)
	at org.apache.catalina.core.ApplicationFilterChain.internalDoFilter(ApplicationFilterChain.java:189)
	at org.apache.catalina.core.ApplicationFilterChain.doFilter(ApplicationFilterChain.java:162)
	at org.springframework.security.web.FilterChainProxy$VirtualFilterChain.doFilter(FilterChainProxy.java:327)
	at org.springframework.security.web.access.intercept.FilterSecurityInterceptor.invoke(FilterSecurityInterceptor.java:115)
	at org.springframework.security.web.access.intercept.FilterSecurityInterceptor.doFilter(FilterSecurityInterceptor.java:81)
	at org.springframework.security.web.FilterChainProxy$VirtualFilterChain.doFilter(FilterChainProxy.java:336)
	at org.springframework.security.web.access.ExceptionTranslationFilter.doFilter(ExceptionTranslationFilter.java:122)
	at org.springframework.security.web.access.ExceptionTranslationFilter.doFilter(ExceptionTranslationFilter.java:116)
	at org.springframework.security.web.FilterChainProxy$VirtualFilterChain.doFilter(FilterChainProxy.java:336)
	at org.springframework.security.web.session.SessionManagementFilter.doFilter(SessionManagementFilter.java:126)
	at org.springframework.security.web.session.SessionManagementFilter.doFilter(SessionManagementFilter.java:81)
	at org.springframework.security.web.FilterChainProxy$VirtualFilterChain.doFilter(FilterChainProxy.java:336)
	at org.springframework.security.web.authentication.AnonymousAuthenticationFilter.doFilter(AnonymousAuthenticationFilter.java:109)
	at org.springframework.security.web.FilterChainProxy$VirtualFilterChain.doFilter(FilterChainProxy.java:336)
	at org.springframework.security.web.servletapi.SecurityContextHolderAwareRequestFilter.doFilter(SecurityContextHolderAwareRequestFilter.java:149)
	at org.springframework.security.web.FilterChainProxy$VirtualFilterChain.doFilter(FilterChainProxy.java:336)
	at org.springframework.security.web.savedrequest.RequestCacheAwareFilter.doFilter(RequestCacheAwareFilter.java:63)
	at org.springframework.security.web.FilterChainProxy$VirtualFilterChain.doFilter(FilterChainProxy.java:336)
	at by.itacademy.classifier.controller.filter.JwtFilter.doFilterInternal(JwtFilter.java:95)
	at org.springframework.web.filter.OncePerRequestFilter.doFilter(OncePerRequestFilter.java:117)
	at org.springframework.security.web.FilterChainProxy$VirtualFilterChain.doFilter(FilterChainProxy.java:336)
	at org.springframework.security.web.authentication.logout.LogoutFilter.doFilter(LogoutFilter.java:103)
	at org.springframework.security.web.authentication.logout.LogoutFilter.doFilter(LogoutFilter.java:89)
	at org.springframework.security.web.FilterChainProxy$VirtualFilterChain.doFilter(FilterChainProxy.java:336)
	at org.springframework.web.filter.CorsFilter.doFilterInternal(CorsFilter.java:91)
	at org.springframework.web.filter.OncePerRequestFilter.doFilter(OncePerRequestFilter.java:117)
	at org.springframework.security.web.FilterChainProxy$VirtualFilterChain.doFilter(FilterChainProxy.java:336)
	at org.springframework.security.web.header.HeaderWriterFilter.doHeadersAfter(HeaderWriterFilter.java:90)
	at org.springframework.security.web.header.HeaderWriterFilter.doFilterInternal(HeaderWriterFilter.java:75)
	at org.springframework.web.filter.OncePerRequestFilter.doFilter(OncePerRequestFilter.java:117)
	at org.springframework.security.web.FilterChainProxy$VirtualFilterChain.doFilter(FilterChainProxy.java:336)
	at org.springframework.security.web.context.SecurityContextPersistenceFilter.doFilter(SecurityContextPersistenceFilter.java:110)
	at org.springframework.security.web.context.SecurityContextPersistenceFilter.doFilter(SecurityContextPersistenceFilter.java:80)
	at org.springframework.security.web.FilterChainProxy$VirtualFilterChain.doFilter(FilterChainProxy.java:336)
	at org.springframework.security.web.context.request.async.WebAsyncManagerIntegrationFilter.doFilterInternal(WebAsyncManagerIntegrationFilter.java:55)
	at org.springframework.web.filter.OncePerRequestFilter.doFilter(OncePerRequestFilter.java:117)
	at org.springframework.security.web.FilterChainProxy$VirtualFilterChain.doFilter(FilterChainProxy.java:336)
	at org.springframework.security.web.FilterChainProxy.doFilterInternal(FilterChainProxy.java:211)
	at org.springframework.security.web.FilterChainProxy.doFilter(FilterChainProxy.java:183)
	at org.springframework.web.filter.DelegatingFilterProxy.invokeDelegate(DelegatingFilterProxy.java:354)
	at org.springframework.web.filter.DelegatingFilterProxy.doFilter(DelegatingFilterProxy.java:267)
	at org.apache.catalina.core.ApplicationFilterChain.internalDoFilter(ApplicationFilterChain.java:189)
	at org.apache.catalina.core.ApplicationFilterChain.doFilter(ApplicationFilterChain.java:162)
	at org.springframework.web.filter.RequestContextFilter.doFilterInternal(RequestContextFilter.java:100)
	at org.springframework.web.filter.OncePerRequestFilter.doFilter(OncePerRequestFilter.java:117)
	at org.apache.catalina.core.ApplicationFilterChain.internalDoFilter(ApplicationFilterChain.java:189)
	at org.apache.catalina.core.ApplicationFilterChain.doFilter(ApplicationFilterChain.java:162)
	at org.springframework.web.filter.FormContentFilter.doFilterInternal(FormContentFilter.java:93)
	at org.springframework.web.filter.OncePerRequestFilter.doFilter(OncePerRequestFilter.java:117)
	at org.apache.catalina.core.ApplicationFilterChain.internalDoFilter(ApplicationFilterChain.java:189)
	at org.apache.catalina.core.ApplicationFilterChain.doFilter(ApplicationFilterChain.java:162)
	at org.springframework.web.filter.CharacterEncodingFilter.doFilterInternal(CharacterEncodingFilter.java:201)
	at org.springframework.web.filter.OncePerRequestFilter.doFilter(OncePerRequestFilter.java:117)
	at org.apache.catalina.core.ApplicationFilterChain.internalDoFilter(ApplicationFilterChain.java:189)
	at org.apache.catalina.core.ApplicationFilterChain.doFilter(ApplicationFilterChain.java:162)
	at org.apache.catalina.core.StandardWrapperValve.invoke(StandardWrapperValve.java:197)
	at org.apache.catalina.core.StandardContextValve.invoke(StandardContextValve.java:97)
	at org.apache.catalina.authenticator.AuthenticatorBase.invoke(AuthenticatorBase.java:541)
	at org.apache.catalina.core.StandardHostValve.invoke(StandardHostValve.java:135)
	at org.apache.catalina.valves.ErrorReportValve.invoke(ErrorReportValve.java:92)
	at org.apache.catalina.core.StandardEngineValve.invoke(StandardEngineValve.java:78)
	at org.apache.catalina.connector.CoyoteAdapter.service(CoyoteAdapter.java:360)
	at org.apache.coyote.http11.Http11Processor.service(Http11Processor.java:399)
	at org.apache.coyote.AbstractProcessorLight.process(AbstractProcessorLight.java:65)
	at org.apache.coyote.AbstractProtocol$ConnectionHandler.process(AbstractProtocol.java:890)
	at org.apache.tomcat.util.net.NioEndpoint$SocketProcessor.doRun(NioEndpoint.java:1743)
	at org.apache.tomcat.util.net.SocketProcessorBase.run(SocketProcessorBase.java:49)
	at org.apache.tomcat.util.threads.ThreadPoolExecutor.runWorker(ThreadPoolExecutor.java:1191)
	at org.apache.tomcat.util.threads.ThreadPoolExecutor$Worker.run(ThreadPoolExecutor.java:659)
	at org.apache.tomcat.util.threads.TaskThread$WrappingRunnable.run(TaskThread.java:61)
	at java.base/java.lang.Thread.run(Thread.java:834)
2022-06-06 16:33:54,176 ERROR by.itacademy.classifier.dto.util.validator.CurrencyDtoValidator [http-nio-8082-exec-7] CurrencyId AOA is not valid.
2022-06-06 16:33:54,222 INFO by.itacademy.classifier.service.CurrencyService [http-nio-8082-exec-7] NEW Currency by.itacademy.classifier.entity.Currency@42057d92 saved.
2022-06-06 16:34:01,091 ERROR by.itacademy.classifier.dto.util.validator.CurrencyDtoValidator [http-nio-8082-exec-6] CurrencyId AOA is not valid.
2022-06-06 16:34:01,094 INFO by.itacademy.classifier.service.CurrencyService [http-nio-8082-exec-6] NEW Currency by.itacademy.classifier.entity.Currency@67b2bcd3 saved.
2022-06-06 16:35:43,647 ERROR by.itacademy.classifier.dto.util.validator.CategoryDtoValidator [http-nio-8082-exec-9] Category Спорт is not valid.
2022-06-06 16:35:43,661 INFO by.itacademy.classifier.service.CategoryService [http-nio-8082-exec-9] NEW Category Category(id=e65af1ca-39b7-4f7c-8e62-c2a87c51e0e0, dtCreate=2022-06-06T16:35:43.647329300, dtUpdate=2022-06-06T16:35:43.647329300, title=Спорт) saved.
2022-06-06 16:35:45,922 ERROR by.itacademy.classifier.dto.util.validator.CategoryDtoValidator [http-nio-8082-exec-1] Category Спорт is not valid.
2022-06-06 16:35:45,926 INFO by.itacademy.classifier.service.CategoryService [http-nio-8082-exec-1] NEW Category Category(id=6e9cfe46-5dea-4e19-b8fe-1eb34da5db1f, dtCreate=2022-06-06T16:35:45.923412200, dtUpdate=2022-06-06T16:35:45.923412200, title=Спорт) saved.
2022-06-06 16:38:38,975 INFO org.springframework.boot.StartupInfoLogger [main] Starting ClassifierApplication using Java 11.0.14 on Alexey with PID 5480 (D:\Alexey\final project\finance\classifier-service\target\classes started by Алексей in D:\Alexey\final project\finance)
2022-06-06 16:38:38,975 INFO org.springframework.boot.SpringApplication [main] No active profile set, falling back to 1 default profile: "default"
2022-06-06 16:38:39,585 INFO org.springframework.data.repository.config.RepositoryConfigurationDelegate [main] Bootstrapping Spring Data JPA repositories in DEFAULT mode.
2022-06-06 16:38:39,647 INFO org.springframework.data.repository.config.RepositoryConfigurationDelegate [main] Finished Spring Data repository scanning in 48 ms. Found 2 JPA repository interfaces.
2022-06-06 16:38:40,116 INFO org.springframework.boot.web.embedded.tomcat.TomcatWebServer [main] Tomcat initialized with port(s): 8082 (http)
2022-06-06 16:38:40,131 INFO org.apache.juli.logging.DirectJDKLog [main] Initializing ProtocolHandler ["http-nio-8082"]
2022-06-06 16:38:40,131 INFO org.apache.juli.logging.DirectJDKLog [main] Starting service [Tomcat]
2022-06-06 16:38:40,131 INFO org.apache.juli.logging.DirectJDKLog [main] Starting Servlet engine: [Apache Tomcat/9.0.62]
2022-06-06 16:38:40,225 INFO org.apache.juli.logging.DirectJDKLog [main] Initializing Spring embedded WebApplicationContext
2022-06-06 16:38:40,225 INFO org.springframework.boot.web.servlet.context.ServletWebServerApplicationContext [main] Root WebApplicationContext: initialization completed in 1203 ms
2022-06-06 16:38:40,366 INFO com.zaxxer.hikari.HikariDataSource [main] HikariPool-1 - Starting...
2022-06-06 16:38:40,506 INFO com.zaxxer.hikari.HikariDataSource [main] HikariPool-1 - Start completed.
2022-06-06 16:38:40,548 INFO org.hibernate.jpa.internal.util.LogHelper [main] HHH000204: Processing PersistenceUnitInfo [name: default]
2022-06-06 16:38:40,580 INFO org.hibernate.Version [main] HHH000412: Hibernate ORM core version 5.6.8.Final
2022-06-06 16:38:40,752 INFO org.hibernate.annotations.common.reflection.java.JavaReflectionManager [main] HCANN000001: Hibernate Commons Annotations {5.1.2.Final}
2022-06-06 16:38:40,861 INFO org.hibernate.dialect.Dialect [main] HHH000400: Using dialect: org.hibernate.dialect.PostgreSQL10Dialect
2022-06-06 16:38:41,298 INFO org.hibernate.engine.transaction.jta.platform.internal.JtaPlatformInitiator [main] HHH000490: Using JtaPlatform implementation: [org.hibernate.engine.transaction.jta.platform.internal.NoJtaPlatform]
2022-06-06 16:38:41,314 INFO org.springframework.orm.jpa.AbstractEntityManagerFactoryBean [main] Initialized JPA EntityManagerFactory for persistence unit 'default'
2022-06-06 16:38:41,361 WARN org.springframework.boot.autoconfigure.orm.jpa.JpaBaseConfiguration$JpaWebConfiguration [main] spring.jpa.open-in-view is enabled by default. Therefore, database queries may be performed during view rendering. Explicitly configure spring.jpa.open-in-view to disable this warning
2022-06-06 16:38:41,658 WARN org.springframework.boot.autoconfigure.security.servlet.UserDetailsServiceAutoConfiguration [main] 

Using generated security password: 75847ac7-184d-498b-8e4e-03c02bf2a974

This generated password is for development use only. Your security configuration must be updated before running your application in production.

2022-06-06 16:38:41,845 INFO org.springframework.security.web.DefaultSecurityFilterChain [main] Will secure any request with [org.springframework.security.web.context.request.async.WebAsyncManagerIntegrationFilter@aa794a3, org.springframework.security.web.context.SecurityContextPersistenceFilter@105dc246, org.springframework.security.web.header.HeaderWriterFilter@3ffa0f38, org.springframework.web.filter.CorsFilter@1dce481b, org.springframework.security.web.authentication.logout.LogoutFilter@18dafd3b, by.itacademy.classifier.controller.filter.JwtFilter@250b5e5b, org.springframework.security.web.savedrequest.RequestCacheAwareFilter@7f8cd5fc, org.springframework.security.web.servletapi.SecurityContextHolderAwareRequestFilter@5c316230, org.springframework.security.web.authentication.AnonymousAuthenticationFilter@22cb8e5f, org.springframework.security.web.session.SessionManagementFilter@6b71e98f, org.springframework.security.web.access.ExceptionTranslationFilter@699bb304, org.springframework.security.web.access.intercept.FilterSecurityInterceptor@4eacb6d1]
2022-06-06 16:38:42,017 INFO org.apache.juli.logging.DirectJDKLog [main] Starting ProtocolHandler ["http-nio-8082"]
2022-06-06 16:38:42,033 INFO org.springframework.boot.web.embedded.tomcat.TomcatWebServer [main] Tomcat started on port(s): 8082 (http) with context path ''
2022-06-06 16:38:42,048 INFO org.springframework.boot.StartupInfoLogger [main] Started ClassifierApplication in 3.672 seconds (JVM running for 5.764)
2022-06-06 16:38:45,853 INFO org.apache.juli.logging.DirectJDKLog [http-nio-8082-exec-2] Initializing Spring DispatcherServlet 'dispatcherServlet'
2022-06-06 16:38:45,854 INFO org.springframework.web.servlet.FrameworkServlet [http-nio-8082-exec-2] Initializing Servlet 'dispatcherServlet'
2022-06-06 16:38:45,855 INFO org.springframework.web.servlet.FrameworkServlet [http-nio-8082-exec-2] Completed initialization in 1 ms
2022-06-06 16:40:46,526 WARN com.zaxxer.hikari.pool.HikariPool$HouseKeeper [HikariPool-1 housekeeper] HikariPool-1 - Thread starvation or clock leap detected (housekeeper delta=1m34s935ms189µs595ns).
2022-06-06 16:40:46,530 ERROR by.itacademy.classifier.dto.util.validator.CurrencyDtoValidator [http-nio-8082-exec-2] CurrencyId AOA is not valid.
2022-06-06 16:40:54,368 INFO org.springframework.boot.StartupInfoLogger [main] Starting ClassifierApplication using Java 11.0.14 on Alexey with PID 444 (D:\Alexey\final project\finance\classifier-service\target\classes started by Алексей in D:\Alexey\final project\finance)
2022-06-06 16:40:54,368 INFO org.springframework.boot.SpringApplication [main] No active profile set, falling back to 1 default profile: "default"
2022-06-06 16:40:55,133 INFO org.springframework.data.repository.config.RepositoryConfigurationDelegate [main] Bootstrapping Spring Data JPA repositories in DEFAULT mode.
2022-06-06 16:40:55,180 INFO org.springframework.data.repository.config.RepositoryConfigurationDelegate [main] Finished Spring Data repository scanning in 44 ms. Found 2 JPA repository interfaces.
2022-06-06 16:40:55,680 INFO org.springframework.boot.web.embedded.tomcat.TomcatWebServer [main] Tomcat initialized with port(s): 8082 (http)
2022-06-06 16:40:55,696 INFO org.apache.juli.logging.DirectJDKLog [main] Initializing ProtocolHandler ["http-nio-8082"]
2022-06-06 16:40:55,696 INFO org.apache.juli.logging.DirectJDKLog [main] Starting service [Tomcat]
2022-06-06 16:40:55,696 INFO org.apache.juli.logging.DirectJDKLog [main] Starting Servlet engine: [Apache Tomcat/9.0.62]
2022-06-06 16:40:55,774 INFO org.apache.juli.logging.DirectJDKLog [main] Initializing Spring embedded WebApplicationContext
2022-06-06 16:40:55,774 INFO org.springframework.boot.web.servlet.context.ServletWebServerApplicationContext [main] Root WebApplicationContext: initialization completed in 1344 ms
2022-06-06 16:40:55,868 INFO com.zaxxer.hikari.HikariDataSource [main] HikariPool-1 - Starting...
2022-06-06 16:40:56,008 INFO com.zaxxer.hikari.HikariDataSource [main] HikariPool-1 - Start completed.
2022-06-06 16:40:56,039 INFO org.hibernate.jpa.internal.util.LogHelper [main] HHH000204: Processing PersistenceUnitInfo [name: default]
2022-06-06 16:40:56,071 INFO org.hibernate.Version [main] HHH000412: Hibernate ORM core version 5.6.8.Final
2022-06-06 16:40:56,180 INFO org.hibernate.annotations.common.reflection.java.JavaReflectionManager [main] HCANN000001: Hibernate Commons Annotations {5.1.2.Final}
2022-06-06 16:40:56,289 INFO org.hibernate.dialect.Dialect [main] HHH000400: Using dialect: org.hibernate.dialect.PostgreSQL10Dialect
2022-06-06 16:40:56,680 INFO org.hibernate.engine.transaction.jta.platform.internal.JtaPlatformInitiator [main] HHH000490: Using JtaPlatform implementation: [org.hibernate.engine.transaction.jta.platform.internal.NoJtaPlatform]
2022-06-06 16:40:56,696 INFO org.springframework.orm.jpa.AbstractEntityManagerFactoryBean [main] Initialized JPA EntityManagerFactory for persistence unit 'default'
2022-06-06 16:40:56,727 WARN org.springframework.boot.autoconfigure.orm.jpa.JpaBaseConfiguration$JpaWebConfiguration [main] spring.jpa.open-in-view is enabled by default. Therefore, database queries may be performed during view rendering. Explicitly configure spring.jpa.open-in-view to disable this warning
2022-06-06 16:40:56,930 WARN org.springframework.boot.autoconfigure.security.servlet.UserDetailsServiceAutoConfiguration [main] 

Using generated security password: 10796da2-589f-4b88-b571-22d4223689c9

This generated password is for development use only. Your security configuration must be updated before running your application in production.

2022-06-06 16:40:57,102 INFO org.springframework.security.web.DefaultSecurityFilterChain [main] Will secure any request with [org.springframework.security.web.context.request.async.WebAsyncManagerIntegrationFilter@4eacb6d1, org.springframework.security.web.context.SecurityContextPersistenceFilter@49c13ecd, org.springframework.security.web.header.HeaderWriterFilter@350e3fb4, org.springframework.web.filter.CorsFilter@3ccefe1b, org.springframework.security.web.authentication.logout.LogoutFilter@4e614370, by.itacademy.classifier.controller.filter.JwtFilter@11b32a14, org.springframework.security.web.savedrequest.RequestCacheAwareFilter@482942d8, org.springframework.security.web.servletapi.SecurityContextHolderAwareRequestFilter@1b556a88, org.springframework.security.web.authentication.AnonymousAuthenticationFilter@a926db4, org.springframework.security.web.session.SessionManagementFilter@440461ef, org.springframework.security.web.access.ExceptionTranslationFilter@5c5c784c, org.springframework.security.web.access.intercept.FilterSecurityInterceptor@7d43f1c9]
2022-06-06 16:40:57,243 INFO org.apache.juli.logging.DirectJDKLog [main] Starting ProtocolHandler ["http-nio-8082"]
2022-06-06 16:40:57,258 INFO org.springframework.boot.web.embedded.tomcat.TomcatWebServer [main] Tomcat started on port(s): 8082 (http) with context path ''
2022-06-06 16:40:57,274 INFO org.springframework.boot.StartupInfoLogger [main] Started ClassifierApplication in 3.537 seconds (JVM running for 4.416)
2022-06-06 16:41:01,951 INFO org.apache.juli.logging.DirectJDKLog [http-nio-8082-exec-2] Initializing Spring DispatcherServlet 'dispatcherServlet'
2022-06-06 16:41:01,951 INFO org.springframework.web.servlet.FrameworkServlet [http-nio-8082-exec-2] Initializing Servlet 'dispatcherServlet'
2022-06-06 16:41:01,953 INFO org.springframework.web.servlet.FrameworkServlet [http-nio-8082-exec-2] Completed initialization in 1 ms
2022-06-06 16:41:02,247 INFO by.itacademy.classifier.service.CurrencyService [http-nio-8082-exec-2] NEW Currency by.itacademy.classifier.entity.Currency@6036da8c saved.
2022-06-06 16:41:16,483 INFO org.springframework.boot.StartupInfoLogger [main] Starting ClassifierApplication using Java 11.0.14 on Alexey with PID 9024 (D:\Alexey\final project\finance\classifier-service\target\classes started by Алексей in D:\Alexey\final project\finance)
2022-06-06 16:41:16,498 INFO org.springframework.boot.SpringApplication [main] No active profile set, falling back to 1 default profile: "default"
2022-06-06 16:41:17,079 INFO org.springframework.data.repository.config.RepositoryConfigurationDelegate [main] Bootstrapping Spring Data JPA repositories in DEFAULT mode.
2022-06-06 16:41:17,125 INFO org.springframework.data.repository.config.RepositoryConfigurationDelegate [main] Finished Spring Data repository scanning in 49 ms. Found 2 JPA repository interfaces.
2022-06-06 16:41:17,610 INFO org.springframework.boot.web.embedded.tomcat.TomcatWebServer [main] Tomcat initialized with port(s): 8082 (http)
2022-06-06 16:41:17,610 INFO org.apache.juli.logging.DirectJDKLog [main] Initializing ProtocolHandler ["http-nio-8082"]
2022-06-06 16:41:17,625 INFO org.apache.juli.logging.DirectJDKLog [main] Starting service [Tomcat]
2022-06-06 16:41:17,625 INFO org.apache.juli.logging.DirectJDKLog [main] Starting Servlet engine: [Apache Tomcat/9.0.62]
2022-06-06 16:41:17,719 INFO org.apache.juli.logging.DirectJDKLog [main] Initializing Spring embedded WebApplicationContext
2022-06-06 16:41:17,719 INFO org.springframework.boot.web.servlet.context.ServletWebServerApplicationContext [main] Root WebApplicationContext: initialization completed in 1189 ms
2022-06-06 16:41:17,861 INFO com.zaxxer.hikari.HikariDataSource [main] HikariPool-1 - Starting...
2022-06-06 16:41:18,018 INFO com.zaxxer.hikari.HikariDataSource [main] HikariPool-1 - Start completed.
2022-06-06 16:41:18,064 INFO org.hibernate.jpa.internal.util.LogHelper [main] HHH000204: Processing PersistenceUnitInfo [name: default]
2022-06-06 16:41:18,111 INFO org.hibernate.Version [main] HHH000412: Hibernate ORM core version 5.6.8.Final
2022-06-06 16:41:18,236 INFO org.hibernate.annotations.common.reflection.java.JavaReflectionManager [main] HCANN000001: Hibernate Commons Annotations {5.1.2.Final}
2022-06-06 16:41:18,346 INFO org.hibernate.dialect.Dialect [main] HHH000400: Using dialect: org.hibernate.dialect.PostgreSQL10Dialect
2022-06-06 16:41:18,799 INFO org.hibernate.engine.transaction.jta.platform.internal.JtaPlatformInitiator [main] HHH000490: Using JtaPlatform implementation: [org.hibernate.engine.transaction.jta.platform.internal.NoJtaPlatform]
2022-06-06 16:41:18,814 INFO org.springframework.orm.jpa.AbstractEntityManagerFactoryBean [main] Initialized JPA EntityManagerFactory for persistence unit 'default'
2022-06-06 16:41:18,861 WARN org.springframework.boot.autoconfigure.orm.jpa.JpaBaseConfiguration$JpaWebConfiguration [main] spring.jpa.open-in-view is enabled by default. Therefore, database queries may be performed during view rendering. Explicitly configure spring.jpa.open-in-view to disable this warning
2022-06-06 16:41:19,111 WARN org.springframework.boot.autoconfigure.security.servlet.UserDetailsServiceAutoConfiguration [main] 

Using generated security password: 810d56a1-ff19-4f76-88d5-33ada49a5568

This generated password is for development use only. Your security configuration must be updated before running your application in production.

2022-06-06 16:41:19,330 INFO org.springframework.security.web.DefaultSecurityFilterChain [main] Will secure any request with [org.springframework.security.web.context.request.async.WebAsyncManagerIntegrationFilter@4bf89d3d, org.springframework.security.web.context.SecurityContextPersistenceFilter@5cf33d25, org.springframework.security.web.header.HeaderWriterFilter@4c91a008, org.springframework.web.filter.CorsFilter@457b8fc3, org.springframework.security.web.authentication.logout.LogoutFilter@714b6999, by.itacademy.classifier.controller.filter.JwtFilter@839df62, org.springframework.security.web.savedrequest.RequestCacheAwareFilter@a80a896, org.springframework.security.web.servletapi.SecurityContextHolderAwareRequestFilter@1826475, org.springframework.security.web.authentication.AnonymousAuthenticationFilter@37a1beb3, org.springframework.security.web.session.SessionManagementFilter@1da32baf, org.springframework.security.web.access.ExceptionTranslationFilter@83e5898, org.springframework.security.web.access.intercept.FilterSecurityInterceptor@5443086a]
2022-06-06 16:41:19,502 INFO org.apache.juli.logging.DirectJDKLog [main] Starting ProtocolHandler ["http-nio-8082"]
2022-06-06 16:41:19,518 INFO org.springframework.boot.web.embedded.tomcat.TomcatWebServer [main] Tomcat started on port(s): 8082 (http) with context path ''
2022-06-06 16:41:19,533 INFO org.springframework.boot.StartupInfoLogger [main] Started ClassifierApplication in 3.789 seconds (JVM running for 5.134)
2022-06-06 16:41:22,380 INFO org.apache.juli.logging.DirectJDKLog [http-nio-8082-exec-2] Initializing Spring DispatcherServlet 'dispatcherServlet'
2022-06-06 16:41:22,381 INFO org.springframework.web.servlet.FrameworkServlet [http-nio-8082-exec-2] Initializing Servlet 'dispatcherServlet'
2022-06-06 16:41:22,382 INFO org.springframework.web.servlet.FrameworkServlet [http-nio-8082-exec-2] Completed initialization in 1 ms
2022-06-06 16:43:21,425 WARN com.zaxxer.hikari.pool.HikariPool$HouseKeeper [HikariPool-1 housekeeper] HikariPool-1 - Thread starvation or clock leap detected (housekeeper delta=2m3s297ms73µs501ns).
2022-06-06 16:43:27,890 INFO org.springframework.boot.StartupInfoLogger [main] Starting ClassifierApplication using Java 11.0.14 on Alexey with PID 9272 (D:\Alexey\final project\finance\classifier-service\target\classes started by Алексей in D:\Alexey\final project\finance)
2022-06-06 16:43:27,890 INFO org.springframework.boot.SpringApplication [main] No active profile set, falling back to 1 default profile: "default"
2022-06-06 16:43:28,483 INFO org.springframework.data.repository.config.RepositoryConfigurationDelegate [main] Bootstrapping Spring Data JPA repositories in DEFAULT mode.
2022-06-06 16:43:28,530 INFO org.springframework.data.repository.config.RepositoryConfigurationDelegate [main] Finished Spring Data repository scanning in 42 ms. Found 2 JPA repository interfaces.
2022-06-06 16:43:28,921 INFO org.springframework.boot.web.embedded.tomcat.TomcatWebServer [main] Tomcat initialized with port(s): 8082 (http)
2022-06-06 16:43:28,936 INFO org.apache.juli.logging.DirectJDKLog [main] Initializing ProtocolHandler ["http-nio-8082"]
2022-06-06 16:43:28,936 INFO org.apache.juli.logging.DirectJDKLog [main] Starting service [Tomcat]
2022-06-06 16:43:28,936 INFO org.apache.juli.logging.DirectJDKLog [main] Starting Servlet engine: [Apache Tomcat/9.0.62]
2022-06-06 16:43:29,030 INFO org.apache.juli.logging.DirectJDKLog [main] Initializing Spring embedded WebApplicationContext
2022-06-06 16:43:29,030 INFO org.springframework.boot.web.servlet.context.ServletWebServerApplicationContext [main] Root WebApplicationContext: initialization completed in 1094 ms
2022-06-06 16:43:29,140 INFO com.zaxxer.hikari.HikariDataSource [main] HikariPool-1 - Starting...
2022-06-06 16:43:29,265 INFO com.zaxxer.hikari.HikariDataSource [main] HikariPool-1 - Start completed.
2022-06-06 16:43:29,311 INFO org.hibernate.jpa.internal.util.LogHelper [main] HHH000204: Processing PersistenceUnitInfo [name: default]
2022-06-06 16:43:29,343 INFO org.hibernate.Version [main] HHH000412: Hibernate ORM core version 5.6.8.Final
2022-06-06 16:43:29,468 INFO org.hibernate.annotations.common.reflection.java.JavaReflectionManager [main] HCANN000001: Hibernate Commons Annotations {5.1.2.Final}
2022-06-06 16:43:29,561 INFO org.hibernate.dialect.Dialect [main] HHH000400: Using dialect: org.hibernate.dialect.PostgreSQL10Dialect
2022-06-06 16:43:29,936 INFO org.hibernate.engine.transaction.jta.platform.internal.JtaPlatformInitiator [main] HHH000490: Using JtaPlatform implementation: [org.hibernate.engine.transaction.jta.platform.internal.NoJtaPlatform]
2022-06-06 16:43:29,952 INFO org.springframework.orm.jpa.AbstractEntityManagerFactoryBean [main] Initialized JPA EntityManagerFactory for persistence unit 'default'
2022-06-06 16:43:29,983 WARN org.springframework.boot.autoconfigure.orm.jpa.JpaBaseConfiguration$JpaWebConfiguration [main] spring.jpa.open-in-view is enabled by default. Therefore, database queries may be performed during view rendering. Explicitly configure spring.jpa.open-in-view to disable this warning
2022-06-06 16:43:30,202 WARN org.springframework.boot.autoconfigure.security.servlet.UserDetailsServiceAutoConfiguration [main] 

Using generated security password: 6f673044-0c9f-4ae5-a4bc-7d6443bd04b0

This generated password is for development use only. Your security configuration must be updated before running your application in production.

2022-06-06 16:43:30,374 INFO org.springframework.security.web.DefaultSecurityFilterChain [main] Will secure any request with [org.springframework.security.web.context.request.async.WebAsyncManagerIntegrationFilter@7d43f1c9, org.springframework.security.web.context.SecurityContextPersistenceFilter@3ffa0f38, org.springframework.security.web.header.HeaderWriterFilter@48333b12, org.springframework.web.filter.CorsFilter@eddc9bb, org.springframework.security.web.authentication.logout.LogoutFilter@4a3bf37c, by.itacademy.classifier.controller.filter.JwtFilter@4816ee24, org.springframework.security.web.savedrequest.RequestCacheAwareFilter@24a7d3d3, org.springframework.security.web.servletapi.SecurityContextHolderAwareRequestFilter@2f4545c6, org.springframework.security.web.authentication.AnonymousAuthenticationFilter@11e3d08, org.springframework.security.web.session.SessionManagementFilter@40fee459, org.springframework.security.web.access.ExceptionTranslationFilter@206bd7a0, org.springframework.security.web.access.intercept.FilterSecurityInterceptor@5feff876]
2022-06-06 16:43:30,530 INFO org.apache.juli.logging.DirectJDKLog [main] Starting ProtocolHandler ["http-nio-8082"]
2022-06-06 16:43:30,561 INFO org.springframework.boot.web.embedded.tomcat.TomcatWebServer [main] Tomcat started on port(s): 8082 (http) with context path ''
2022-06-06 16:43:30,577 INFO org.springframework.boot.StartupInfoLogger [main] Started ClassifierApplication in 3.497 seconds (JVM running for 4.448)
2022-06-06 16:43:34,568 INFO org.apache.juli.logging.DirectJDKLog [http-nio-8082-exec-1] Initializing Spring DispatcherServlet 'dispatcherServlet'
2022-06-06 16:43:34,569 INFO org.springframework.web.servlet.FrameworkServlet [http-nio-8082-exec-1] Initializing Servlet 'dispatcherServlet'
2022-06-06 16:43:34,570 INFO org.springframework.web.servlet.FrameworkServlet [http-nio-8082-exec-1] Completed initialization in 1 ms
2022-06-06 16:43:34,821 ERROR by.itacademy.classifier.dto.util.validator.CurrencyDtoValidator [http-nio-8082-exec-1] CurrencyId AOA is not valid.
2022-06-06 16:43:34,823 ERROR by.itacademy.classifier.dto.util.validator.CurrencyDtoValidator [http-nio-8082-exec-1] CurrencyDto is not valid.
by.itacademy.classifier.advice.MultipleValidateException: null
	at by.itacademy.classifier.dto.util.validator.CurrencyDtoValidator.validateDto(CurrencyDtoValidator.java:25)
	at by.itacademy.classifier.service.CurrencyService.addCurrency(CurrencyService.java:38)
	at by.itacademy.classifier.controller.ClassifierController.addNewCurrency(ClassifierController.java:32)
	at java.base/jdk.internal.reflect.NativeMethodAccessorImpl.invoke0(Native Method)
	at java.base/jdk.internal.reflect.NativeMethodAccessorImpl.invoke(NativeMethodAccessorImpl.java:62)
	at java.base/jdk.internal.reflect.DelegatingMethodAccessorImpl.invoke(DelegatingMethodAccessorImpl.java:43)
	at java.base/java.lang.reflect.Method.invoke(Method.java:566)
	at org.springframework.web.method.support.InvocableHandlerMethod.doInvoke(InvocableHandlerMethod.java:205)
	at org.springframework.web.method.support.InvocableHandlerMethod.invokeForRequest(InvocableHandlerMethod.java:150)
	at org.springframework.web.servlet.mvc.method.annotation.ServletInvocableHandlerMethod.invokeAndHandle(ServletInvocableHandlerMethod.java:117)
	at org.springframework.web.servlet.mvc.method.annotation.RequestMappingHandlerAdapter.invokeHandlerMethod(RequestMappingHandlerAdapter.java:895)
	at org.springframework.web.servlet.mvc.method.annotation.RequestMappingHandlerAdapter.handleInternal(RequestMappingHandlerAdapter.java:808)
	at org.springframework.web.servlet.mvc.method.AbstractHandlerMethodAdapter.handle(AbstractHandlerMethodAdapter.java:87)
	at org.springframework.web.servlet.DispatcherServlet.doDispatch(DispatcherServlet.java:1067)
	at org.springframework.web.servlet.DispatcherServlet.doService(DispatcherServlet.java:963)
	at org.springframework.web.servlet.FrameworkServlet.processRequest(FrameworkServlet.java:1006)
	at org.springframework.web.servlet.FrameworkServlet.doPost(FrameworkServlet.java:909)
	at javax.servlet.http.HttpServlet.service(HttpServlet.java:681)
	at org.springframework.web.servlet.FrameworkServlet.service(FrameworkServlet.java:883)
	at javax.servlet.http.HttpServlet.service(HttpServlet.java:764)
	at org.apache.catalina.core.ApplicationFilterChain.internalDoFilter(ApplicationFilterChain.java:227)
	at org.apache.catalina.core.ApplicationFilterChain.doFilter(ApplicationFilterChain.java:162)
	at org.apache.tomcat.websocket.server.WsFilter.doFilter(WsFilter.java:53)
	at org.apache.catalina.core.ApplicationFilterChain.internalDoFilter(ApplicationFilterChain.java:189)
	at org.apache.catalina.core.ApplicationFilterChain.doFilter(ApplicationFilterChain.java:162)
	at org.springframework.web.filter.OncePerRequestFilter.doFilter(OncePerRequestFilter.java:111)
	at org.apache.catalina.core.ApplicationFilterChain.internalDoFilter(ApplicationFilterChain.java:189)
	at org.apache.catalina.core.ApplicationFilterChain.doFilter(ApplicationFilterChain.java:162)
	at org.springframework.security.web.FilterChainProxy$VirtualFilterChain.doFilter(FilterChainProxy.java:327)
	at org.springframework.security.web.access.intercept.FilterSecurityInterceptor.invoke(FilterSecurityInterceptor.java:115)
	at org.springframework.security.web.access.intercept.FilterSecurityInterceptor.doFilter(FilterSecurityInterceptor.java:81)
	at org.springframework.security.web.FilterChainProxy$VirtualFilterChain.doFilter(FilterChainProxy.java:336)
	at org.springframework.security.web.access.ExceptionTranslationFilter.doFilter(ExceptionTranslationFilter.java:122)
	at org.springframework.security.web.access.ExceptionTranslationFilter.doFilter(ExceptionTranslationFilter.java:116)
	at org.springframework.security.web.FilterChainProxy$VirtualFilterChain.doFilter(FilterChainProxy.java:336)
	at org.springframework.security.web.session.SessionManagementFilter.doFilter(SessionManagementFilter.java:126)
	at org.springframework.security.web.session.SessionManagementFilter.doFilter(SessionManagementFilter.java:81)
	at org.springframework.security.web.FilterChainProxy$VirtualFilterChain.doFilter(FilterChainProxy.java:336)
	at org.springframework.security.web.authentication.AnonymousAuthenticationFilter.doFilter(AnonymousAuthenticationFilter.java:109)
	at org.springframework.security.web.FilterChainProxy$VirtualFilterChain.doFilter(FilterChainProxy.java:336)
	at org.springframework.security.web.servletapi.SecurityContextHolderAwareRequestFilter.doFilter(SecurityContextHolderAwareRequestFilter.java:149)
	at org.springframework.security.web.FilterChainProxy$VirtualFilterChain.doFilter(FilterChainProxy.java:336)
	at org.springframework.security.web.savedrequest.RequestCacheAwareFilter.doFilter(RequestCacheAwareFilter.java:63)
	at org.springframework.security.web.FilterChainProxy$VirtualFilterChain.doFilter(FilterChainProxy.java:336)
	at by.itacademy.classifier.controller.filter.JwtFilter.doFilterInternal(JwtFilter.java:95)
	at org.springframework.web.filter.OncePerRequestFilter.doFilter(OncePerRequestFilter.java:117)
	at org.springframework.security.web.FilterChainProxy$VirtualFilterChain.doFilter(FilterChainProxy.java:336)
	at org.springframework.security.web.authentication.logout.LogoutFilter.doFilter(LogoutFilter.java:103)
	at org.springframework.security.web.authentication.logout.LogoutFilter.doFilter(LogoutFilter.java:89)
	at org.springframework.security.web.FilterChainProxy$VirtualFilterChain.doFilter(FilterChainProxy.java:336)
	at org.springframework.web.filter.CorsFilter.doFilterInternal(CorsFilter.java:91)
	at org.springframework.web.filter.OncePerRequestFilter.doFilter(OncePerRequestFilter.java:117)
	at org.springframework.security.web.FilterChainProxy$VirtualFilterChain.doFilter(FilterChainProxy.java:336)
	at org.springframework.security.web.header.HeaderWriterFilter.doHeadersAfter(HeaderWriterFilter.java:90)
	at org.springframework.security.web.header.HeaderWriterFilter.doFilterInternal(HeaderWriterFilter.java:75)
	at org.springframework.web.filter.OncePerRequestFilter.doFilter(OncePerRequestFilter.java:117)
	at org.springframework.security.web.FilterChainProxy$VirtualFilterChain.doFilter(FilterChainProxy.java:336)
	at org.springframework.security.web.context.SecurityContextPersistenceFilter.doFilter(SecurityContextPersistenceFilter.java:110)
	at org.springframework.security.web.context.SecurityContextPersistenceFilter.doFilter(SecurityContextPersistenceFilter.java:80)
	at org.springframework.security.web.FilterChainProxy$VirtualFilterChain.doFilter(FilterChainProxy.java:336)
	at org.springframework.security.web.context.request.async.WebAsyncManagerIntegrationFilter.doFilterInternal(WebAsyncManagerIntegrationFilter.java:55)
	at org.springframework.web.filter.OncePerRequestFilter.doFilter(OncePerRequestFilter.java:117)
	at org.springframework.security.web.FilterChainProxy$VirtualFilterChain.doFilter(FilterChainProxy.java:336)
	at org.springframework.security.web.FilterChainProxy.doFilterInternal(FilterChainProxy.java:211)
	at org.springframework.security.web.FilterChainProxy.doFilter(FilterChainProxy.java:183)
	at org.springframework.web.filter.DelegatingFilterProxy.invokeDelegate(DelegatingFilterProxy.java:354)
	at org.springframework.web.filter.DelegatingFilterProxy.doFilter(DelegatingFilterProxy.java:267)
	at org.apache.catalina.core.ApplicationFilterChain.internalDoFilter(ApplicationFilterChain.java:189)
	at org.apache.catalina.core.ApplicationFilterChain.doFilter(ApplicationFilterChain.java:162)
	at org.springframework.web.filter.RequestContextFilter.doFilterInternal(RequestContextFilter.java:100)
	at org.springframework.web.filter.OncePerRequestFilter.doFilter(OncePerRequestFilter.java:117)
	at org.apache.catalina.core.ApplicationFilterChain.internalDoFilter(ApplicationFilterChain.java:189)
	at org.apache.catalina.core.ApplicationFilterChain.doFilter(ApplicationFilterChain.java:162)
	at org.springframework.web.filter.FormContentFilter.doFilterInternal(FormContentFilter.java:93)
	at org.springframework.web.filter.OncePerRequestFilter.doFilter(OncePerRequestFilter.java:117)
	at org.apache.catalina.core.ApplicationFilterChain.internalDoFilter(ApplicationFilterChain.java:189)
	at org.apache.catalina.core.ApplicationFilterChain.doFilter(ApplicationFilterChain.java:162)
	at org.springframework.web.filter.CharacterEncodingFilter.doFilterInternal(CharacterEncodingFilter.java:201)
	at org.springframework.web.filter.OncePerRequestFilter.doFilter(OncePerRequestFilter.java:117)
	at org.apache.catalina.core.ApplicationFilterChain.internalDoFilter(ApplicationFilterChain.java:189)
	at org.apache.catalina.core.ApplicationFilterChain.doFilter(ApplicationFilterChain.java:162)
	at org.apache.catalina.core.StandardWrapperValve.invoke(StandardWrapperValve.java:197)
	at org.apache.catalina.core.StandardContextValve.invoke(StandardContextValve.java:97)
	at org.apache.catalina.authenticator.AuthenticatorBase.invoke(AuthenticatorBase.java:541)
	at org.apache.catalina.core.StandardHostValve.invoke(StandardHostValve.java:135)
	at org.apache.catalina.valves.ErrorReportValve.invoke(ErrorReportValve.java:92)
	at org.apache.catalina.core.StandardEngineValve.invoke(StandardEngineValve.java:78)
	at org.apache.catalina.connector.CoyoteAdapter.service(CoyoteAdapter.java:360)
	at org.apache.coyote.http11.Http11Processor.service(Http11Processor.java:399)
	at org.apache.coyote.AbstractProcessorLight.process(AbstractProcessorLight.java:65)
	at org.apache.coyote.AbstractProtocol$ConnectionHandler.process(AbstractProtocol.java:890)
	at org.apache.tomcat.util.net.NioEndpoint$SocketProcessor.doRun(NioEndpoint.java:1743)
	at org.apache.tomcat.util.net.SocketProcessorBase.run(SocketProcessorBase.java:49)
	at org.apache.tomcat.util.threads.ThreadPoolExecutor.runWorker(ThreadPoolExecutor.java:1191)
	at org.apache.tomcat.util.threads.ThreadPoolExecutor$Worker.run(ThreadPoolExecutor.java:659)
	at org.apache.tomcat.util.threads.TaskThread$WrappingRunnable.run(TaskThread.java:61)
	at java.base/java.lang.Thread.run(Thread.java:834)
2022-06-06 16:44:42,876 INFO org.springframework.boot.StartupInfoLogger [main] Starting ClassifierApplication using Java 11.0.14 on Alexey with PID 5500 (D:\Alexey\final project\finance\classifier-service\target\classes started by Алексей in D:\Alexey\final project\finance)
2022-06-06 16:44:42,876 INFO org.springframework.boot.SpringApplication [main] No active profile set, falling back to 1 default profile: "default"
2022-06-06 16:44:43,485 INFO org.springframework.data.repository.config.RepositoryConfigurationDelegate [main] Bootstrapping Spring Data JPA repositories in DEFAULT mode.
2022-06-06 16:44:43,532 INFO org.springframework.data.repository.config.RepositoryConfigurationDelegate [main] Finished Spring Data repository scanning in 42 ms. Found 2 JPA repository interfaces.
2022-06-06 16:44:43,937 INFO org.springframework.boot.web.embedded.tomcat.TomcatWebServer [main] Tomcat initialized with port(s): 8082 (http)
2022-06-06 16:44:43,953 INFO org.apache.juli.logging.DirectJDKLog [main] Initializing ProtocolHandler ["http-nio-8082"]
2022-06-06 16:44:43,953 INFO org.apache.juli.logging.DirectJDKLog [main] Starting service [Tomcat]
2022-06-06 16:44:43,953 INFO org.apache.juli.logging.DirectJDKLog [main] Starting Servlet engine: [Apache Tomcat/9.0.62]
2022-06-06 16:44:44,046 INFO org.apache.juli.logging.DirectJDKLog [main] Initializing Spring embedded WebApplicationContext
2022-06-06 16:44:44,046 INFO org.springframework.boot.web.servlet.context.ServletWebServerApplicationContext [main] Root WebApplicationContext: initialization completed in 1123 ms
2022-06-06 16:44:44,171 INFO com.zaxxer.hikari.HikariDataSource [main] HikariPool-1 - Starting...
2022-06-06 16:44:44,312 INFO com.zaxxer.hikari.HikariDataSource [main] HikariPool-1 - Start completed.
2022-06-06 16:44:44,343 INFO org.hibernate.jpa.internal.util.LogHelper [main] HHH000204: Processing PersistenceUnitInfo [name: default]
2022-06-06 16:44:44,375 INFO org.hibernate.Version [main] HHH000412: Hibernate ORM core version 5.6.8.Final
2022-06-06 16:44:44,500 INFO org.hibernate.annotations.common.reflection.java.JavaReflectionManager [main] HCANN000001: Hibernate Commons Annotations {5.1.2.Final}
2022-06-06 16:44:44,593 INFO org.hibernate.dialect.Dialect [main] HHH000400: Using dialect: org.hibernate.dialect.PostgreSQL10Dialect
2022-06-06 16:44:44,984 INFO org.hibernate.engine.transaction.jta.platform.internal.JtaPlatformInitiator [main] HHH000490: Using JtaPlatform implementation: [org.hibernate.engine.transaction.jta.platform.internal.NoJtaPlatform]
2022-06-06 16:44:45,000 INFO org.springframework.orm.jpa.AbstractEntityManagerFactoryBean [main] Initialized JPA EntityManagerFactory for persistence unit 'default'
2022-06-06 16:44:45,031 WARN org.springframework.boot.autoconfigure.orm.jpa.JpaBaseConfiguration$JpaWebConfiguration [main] spring.jpa.open-in-view is enabled by default. Therefore, database queries may be performed during view rendering. Explicitly configure spring.jpa.open-in-view to disable this warning
2022-06-06 16:44:45,250 WARN org.springframework.boot.autoconfigure.security.servlet.UserDetailsServiceAutoConfiguration [main] 

Using generated security password: caee6f5a-e34d-4675-95d3-1fc23badd825

This generated password is for development use only. Your security configuration must be updated before running your application in production.

2022-06-06 16:44:45,421 INFO org.springframework.security.web.DefaultSecurityFilterChain [main] Will secure any request with [org.springframework.security.web.context.request.async.WebAsyncManagerIntegrationFilter@301770d9, org.springframework.security.web.context.SecurityContextPersistenceFilter@41581c3f, org.springframework.security.web.header.HeaderWriterFilter@482942d8, org.springframework.web.filter.CorsFilter@40edc64e, org.springframework.security.web.authentication.logout.LogoutFilter@582ca1e2, by.itacademy.classifier.controller.filter.JwtFilter@1989e8c6, org.springframework.security.web.savedrequest.RequestCacheAwareFilter@352ce817, org.springframework.security.web.servletapi.SecurityContextHolderAwareRequestFilter@27bbe773, org.springframework.security.web.authentication.AnonymousAuthenticationFilter@1fec9d33, org.springframework.security.web.session.SessionManagementFilter@87f6ab5, org.springframework.security.web.access.ExceptionTranslationFilter@440461ef, org.springframework.security.web.access.intercept.FilterSecurityInterceptor@22cb8e5f]
2022-06-06 16:44:45,562 INFO org.apache.juli.logging.DirectJDKLog [main] Starting ProtocolHandler ["http-nio-8082"]
2022-06-06 16:44:45,578 INFO org.springframework.boot.web.embedded.tomcat.TomcatWebServer [main] Tomcat started on port(s): 8082 (http) with context path ''
2022-06-06 16:44:45,593 INFO org.springframework.boot.StartupInfoLogger [main] Started ClassifierApplication in 3.468 seconds (JVM running for 4.312)
2022-06-06 16:44:50,507 INFO org.apache.juli.logging.DirectJDKLog [http-nio-8082-exec-1] Initializing Spring DispatcherServlet 'dispatcherServlet'
2022-06-06 16:44:50,508 INFO org.springframework.web.servlet.FrameworkServlet [http-nio-8082-exec-1] Initializing Servlet 'dispatcherServlet'
2022-06-06 16:44:50,510 INFO org.springframework.web.servlet.FrameworkServlet [http-nio-8082-exec-1] Completed initialization in 2 ms
2022-06-06 16:44:50,775 ERROR by.itacademy.classifier.dto.util.validator.CurrencyDtoValidator [http-nio-8082-exec-1] CurrencyId AOA is not valid.
2022-06-06 16:44:50,777 ERROR by.itacademy.classifier.dto.util.validator.CurrencyDtoValidator [http-nio-8082-exec-1] CurrencyDto is not valid.
by.itacademy.classifier.advice.MultipleValidateException: null
	at by.itacademy.classifier.dto.util.validator.CurrencyDtoValidator.validateDto(CurrencyDtoValidator.java:25)
	at by.itacademy.classifier.service.CurrencyService.addCurrency(CurrencyService.java:38)
	at by.itacademy.classifier.controller.ClassifierController.addNewCurrency(ClassifierController.java:32)
	at java.base/jdk.internal.reflect.NativeMethodAccessorImpl.invoke0(Native Method)
	at java.base/jdk.internal.reflect.NativeMethodAccessorImpl.invoke(NativeMethodAccessorImpl.java:62)
	at java.base/jdk.internal.reflect.DelegatingMethodAccessorImpl.invoke(DelegatingMethodAccessorImpl.java:43)
	at java.base/java.lang.reflect.Method.invoke(Method.java:566)
	at org.springframework.web.method.support.InvocableHandlerMethod.doInvoke(InvocableHandlerMethod.java:205)
	at org.springframework.web.method.support.InvocableHandlerMethod.invokeForRequest(InvocableHandlerMethod.java:150)
	at org.springframework.web.servlet.mvc.method.annotation.ServletInvocableHandlerMethod.invokeAndHandle(ServletInvocableHandlerMethod.java:117)
	at org.springframework.web.servlet.mvc.method.annotation.RequestMappingHandlerAdapter.invokeHandlerMethod(RequestMappingHandlerAdapter.java:895)
	at org.springframework.web.servlet.mvc.method.annotation.RequestMappingHandlerAdapter.handleInternal(RequestMappingHandlerAdapter.java:808)
	at org.springframework.web.servlet.mvc.method.AbstractHandlerMethodAdapter.handle(AbstractHandlerMethodAdapter.java:87)
	at org.springframework.web.servlet.DispatcherServlet.doDispatch(DispatcherServlet.java:1067)
	at org.springframework.web.servlet.DispatcherServlet.doService(DispatcherServlet.java:963)
	at org.springframework.web.servlet.FrameworkServlet.processRequest(FrameworkServlet.java:1006)
	at org.springframework.web.servlet.FrameworkServlet.doPost(FrameworkServlet.java:909)
	at javax.servlet.http.HttpServlet.service(HttpServlet.java:681)
	at org.springframework.web.servlet.FrameworkServlet.service(FrameworkServlet.java:883)
	at javax.servlet.http.HttpServlet.service(HttpServlet.java:764)
	at org.apache.catalina.core.ApplicationFilterChain.internalDoFilter(ApplicationFilterChain.java:227)
	at org.apache.catalina.core.ApplicationFilterChain.doFilter(ApplicationFilterChain.java:162)
	at org.apache.tomcat.websocket.server.WsFilter.doFilter(WsFilter.java:53)
	at org.apache.catalina.core.ApplicationFilterChain.internalDoFilter(ApplicationFilterChain.java:189)
	at org.apache.catalina.core.ApplicationFilterChain.doFilter(ApplicationFilterChain.java:162)
	at org.springframework.web.filter.OncePerRequestFilter.doFilter(OncePerRequestFilter.java:111)
	at org.apache.catalina.core.ApplicationFilterChain.internalDoFilter(ApplicationFilterChain.java:189)
	at org.apache.catalina.core.ApplicationFilterChain.doFilter(ApplicationFilterChain.java:162)
	at org.springframework.security.web.FilterChainProxy$VirtualFilterChain.doFilter(FilterChainProxy.java:327)
	at org.springframework.security.web.access.intercept.FilterSecurityInterceptor.invoke(FilterSecurityInterceptor.java:115)
	at org.springframework.security.web.access.intercept.FilterSecurityInterceptor.doFilter(FilterSecurityInterceptor.java:81)
	at org.springframework.security.web.FilterChainProxy$VirtualFilterChain.doFilter(FilterChainProxy.java:336)
	at org.springframework.security.web.access.ExceptionTranslationFilter.doFilter(ExceptionTranslationFilter.java:122)
	at org.springframework.security.web.access.ExceptionTranslationFilter.doFilter(ExceptionTranslationFilter.java:116)
	at org.springframework.security.web.FilterChainProxy$VirtualFilterChain.doFilter(FilterChainProxy.java:336)
	at org.springframework.security.web.session.SessionManagementFilter.doFilter(SessionManagementFilter.java:126)
	at org.springframework.security.web.session.SessionManagementFilter.doFilter(SessionManagementFilter.java:81)
	at org.springframework.security.web.FilterChainProxy$VirtualFilterChain.doFilter(FilterChainProxy.java:336)
	at org.springframework.security.web.authentication.AnonymousAuthenticationFilter.doFilter(AnonymousAuthenticationFilter.java:109)
	at org.springframework.security.web.FilterChainProxy$VirtualFilterChain.doFilter(FilterChainProxy.java:336)
	at org.springframework.security.web.servletapi.SecurityContextHolderAwareRequestFilter.doFilter(SecurityContextHolderAwareRequestFilter.java:149)
	at org.springframework.security.web.FilterChainProxy$VirtualFilterChain.doFilter(FilterChainProxy.java:336)
	at org.springframework.security.web.savedrequest.RequestCacheAwareFilter.doFilter(RequestCacheAwareFilter.java:63)
	at org.springframework.security.web.FilterChainProxy$VirtualFilterChain.doFilter(FilterChainProxy.java:336)
	at by.itacademy.classifier.controller.filter.JwtFilter.doFilterInternal(JwtFilter.java:95)
	at org.springframework.web.filter.OncePerRequestFilter.doFilter(OncePerRequestFilter.java:117)
	at org.springframework.security.web.FilterChainProxy$VirtualFilterChain.doFilter(FilterChainProxy.java:336)
	at org.springframework.security.web.authentication.logout.LogoutFilter.doFilter(LogoutFilter.java:103)
	at org.springframework.security.web.authentication.logout.LogoutFilter.doFilter(LogoutFilter.java:89)
	at org.springframework.security.web.FilterChainProxy$VirtualFilterChain.doFilter(FilterChainProxy.java:336)
	at org.springframework.web.filter.CorsFilter.doFilterInternal(CorsFilter.java:91)
	at org.springframework.web.filter.OncePerRequestFilter.doFilter(OncePerRequestFilter.java:117)
	at org.springframework.security.web.FilterChainProxy$VirtualFilterChain.doFilter(FilterChainProxy.java:336)
	at org.springframework.security.web.header.HeaderWriterFilter.doHeadersAfter(HeaderWriterFilter.java:90)
	at org.springframework.security.web.header.HeaderWriterFilter.doFilterInternal(HeaderWriterFilter.java:75)
	at org.springframework.web.filter.OncePerRequestFilter.doFilter(OncePerRequestFilter.java:117)
	at org.springframework.security.web.FilterChainProxy$VirtualFilterChain.doFilter(FilterChainProxy.java:336)
	at org.springframework.security.web.context.SecurityContextPersistenceFilter.doFilter(SecurityContextPersistenceFilter.java:110)
	at org.springframework.security.web.context.SecurityContextPersistenceFilter.doFilter(SecurityContextPersistenceFilter.java:80)
	at org.springframework.security.web.FilterChainProxy$VirtualFilterChain.doFilter(FilterChainProxy.java:336)
	at org.springframework.security.web.context.request.async.WebAsyncManagerIntegrationFilter.doFilterInternal(WebAsyncManagerIntegrationFilter.java:55)
	at org.springframework.web.filter.OncePerRequestFilter.doFilter(OncePerRequestFilter.java:117)
	at org.springframework.security.web.FilterChainProxy$VirtualFilterChain.doFilter(FilterChainProxy.java:336)
	at org.springframework.security.web.FilterChainProxy.doFilterInternal(FilterChainProxy.java:211)
	at org.springframework.security.web.FilterChainProxy.doFilter(FilterChainProxy.java:183)
	at org.springframework.web.filter.DelegatingFilterProxy.invokeDelegate(DelegatingFilterProxy.java:354)
	at org.springframework.web.filter.DelegatingFilterProxy.doFilter(DelegatingFilterProxy.java:267)
	at org.apache.catalina.core.ApplicationFilterChain.internalDoFilter(ApplicationFilterChain.java:189)
	at org.apache.catalina.core.ApplicationFilterChain.doFilter(ApplicationFilterChain.java:162)
	at org.springframework.web.filter.RequestContextFilter.doFilterInternal(RequestContextFilter.java:100)
	at org.springframework.web.filter.OncePerRequestFilter.doFilter(OncePerRequestFilter.java:117)
	at org.apache.catalina.core.ApplicationFilterChain.internalDoFilter(ApplicationFilterChain.java:189)
	at org.apache.catalina.core.ApplicationFilterChain.doFilter(ApplicationFilterChain.java:162)
	at org.springframework.web.filter.FormContentFilter.doFilterInternal(FormContentFilter.java:93)
	at org.springframework.web.filter.OncePerRequestFilter.doFilter(OncePerRequestFilter.java:117)
	at org.apache.catalina.core.ApplicationFilterChain.internalDoFilter(ApplicationFilterChain.java:189)
	at org.apache.catalina.core.ApplicationFilterChain.doFilter(ApplicationFilterChain.java:162)
	at org.springframework.web.filter.CharacterEncodingFilter.doFilterInternal(CharacterEncodingFilter.java:201)
	at org.springframework.web.filter.OncePerRequestFilter.doFilter(OncePerRequestFilter.java:117)
	at org.apache.catalina.core.ApplicationFilterChain.internalDoFilter(ApplicationFilterChain.java:189)
	at org.apache.catalina.core.ApplicationFilterChain.doFilter(ApplicationFilterChain.java:162)
	at org.apache.catalina.core.StandardWrapperValve.invoke(StandardWrapperValve.java:197)
	at org.apache.catalina.core.StandardContextValve.invoke(StandardContextValve.java:97)
	at org.apache.catalina.authenticator.AuthenticatorBase.invoke(AuthenticatorBase.java:541)
	at org.apache.catalina.core.StandardHostValve.invoke(StandardHostValve.java:135)
	at org.apache.catalina.valves.ErrorReportValve.invoke(ErrorReportValve.java:92)
	at org.apache.catalina.core.StandardEngineValve.invoke(StandardEngineValve.java:78)
	at org.apache.catalina.connector.CoyoteAdapter.service(CoyoteAdapter.java:360)
	at org.apache.coyote.http11.Http11Processor.service(Http11Processor.java:399)
	at org.apache.coyote.AbstractProcessorLight.process(AbstractProcessorLight.java:65)
	at org.apache.coyote.AbstractProtocol$ConnectionHandler.process(AbstractProtocol.java:890)
	at org.apache.tomcat.util.net.NioEndpoint$SocketProcessor.doRun(NioEndpoint.java:1743)
	at org.apache.tomcat.util.net.SocketProcessorBase.run(SocketProcessorBase.java:49)
	at org.apache.tomcat.util.threads.ThreadPoolExecutor.runWorker(ThreadPoolExecutor.java:1191)
	at org.apache.tomcat.util.threads.ThreadPoolExecutor$Worker.run(ThreadPoolExecutor.java:659)
	at org.apache.tomcat.util.threads.TaskThread$WrappingRunnable.run(TaskThread.java:61)
	at java.base/java.lang.Thread.run(Thread.java:834)
2022-06-06 16:44:55,262 ERROR by.itacademy.classifier.dto.util.validator.CategoryDtoValidator [http-nio-8082-exec-4] Category Спорт is not valid.
2022-06-06 16:44:55,263 ERROR by.itacademy.classifier.dto.util.validator.CategoryDtoValidator [http-nio-8082-exec-4] CategoryDto is not valid.
by.itacademy.classifier.advice.MultipleValidateException: null
	at by.itacademy.classifier.dto.util.validator.CategoryDtoValidator.validateDto(CategoryDtoValidator.java:25)
	at by.itacademy.classifier.service.CategoryService.add(CategoryService.java:38)
	at by.itacademy.classifier.controller.ClassifierController.addCategory(ClassifierController.java:45)
	at java.base/jdk.internal.reflect.NativeMethodAccessorImpl.invoke0(Native Method)
	at java.base/jdk.internal.reflect.NativeMethodAccessorImpl.invoke(NativeMethodAccessorImpl.java:62)
	at java.base/jdk.internal.reflect.DelegatingMethodAccessorImpl.invoke(DelegatingMethodAccessorImpl.java:43)
	at java.base/java.lang.reflect.Method.invoke(Method.java:566)
	at org.springframework.web.method.support.InvocableHandlerMethod.doInvoke(InvocableHandlerMethod.java:205)
	at org.springframework.web.method.support.InvocableHandlerMethod.invokeForRequest(InvocableHandlerMethod.java:150)
	at org.springframework.web.servlet.mvc.method.annotation.ServletInvocableHandlerMethod.invokeAndHandle(ServletInvocableHandlerMethod.java:117)
	at org.springframework.web.servlet.mvc.method.annotation.RequestMappingHandlerAdapter.invokeHandlerMethod(RequestMappingHandlerAdapter.java:895)
	at org.springframework.web.servlet.mvc.method.annotation.RequestMappingHandlerAdapter.handleInternal(RequestMappingHandlerAdapter.java:808)
	at org.springframework.web.servlet.mvc.method.AbstractHandlerMethodAdapter.handle(AbstractHandlerMethodAdapter.java:87)
	at org.springframework.web.servlet.DispatcherServlet.doDispatch(DispatcherServlet.java:1067)
	at org.springframework.web.servlet.DispatcherServlet.doService(DispatcherServlet.java:963)
	at org.springframework.web.servlet.FrameworkServlet.processRequest(FrameworkServlet.java:1006)
	at org.springframework.web.servlet.FrameworkServlet.doPost(FrameworkServlet.java:909)
	at javax.servlet.http.HttpServlet.service(HttpServlet.java:681)
	at org.springframework.web.servlet.FrameworkServlet.service(FrameworkServlet.java:883)
	at javax.servlet.http.HttpServlet.service(HttpServlet.java:764)
	at org.apache.catalina.core.ApplicationFilterChain.internalDoFilter(ApplicationFilterChain.java:227)
	at org.apache.catalina.core.ApplicationFilterChain.doFilter(ApplicationFilterChain.java:162)
	at org.apache.tomcat.websocket.server.WsFilter.doFilter(WsFilter.java:53)
	at org.apache.catalina.core.ApplicationFilterChain.internalDoFilter(ApplicationFilterChain.java:189)
	at org.apache.catalina.core.ApplicationFilterChain.doFilter(ApplicationFilterChain.java:162)
	at org.springframework.web.filter.OncePerRequestFilter.doFilter(OncePerRequestFilter.java:111)
	at org.apache.catalina.core.ApplicationFilterChain.internalDoFilter(ApplicationFilterChain.java:189)
	at org.apache.catalina.core.ApplicationFilterChain.doFilter(ApplicationFilterChain.java:162)
	at org.springframework.security.web.FilterChainProxy$VirtualFilterChain.doFilter(FilterChainProxy.java:327)
	at org.springframework.security.web.access.intercept.FilterSecurityInterceptor.invoke(FilterSecurityInterceptor.java:115)
	at org.springframework.security.web.access.intercept.FilterSecurityInterceptor.doFilter(FilterSecurityInterceptor.java:81)
	at org.springframework.security.web.FilterChainProxy$VirtualFilterChain.doFilter(FilterChainProxy.java:336)
	at org.springframework.security.web.access.ExceptionTranslationFilter.doFilter(ExceptionTranslationFilter.java:122)
	at org.springframework.security.web.access.ExceptionTranslationFilter.doFilter(ExceptionTranslationFilter.java:116)
	at org.springframework.security.web.FilterChainProxy$VirtualFilterChain.doFilter(FilterChainProxy.java:336)
	at org.springframework.security.web.session.SessionManagementFilter.doFilter(SessionManagementFilter.java:126)
	at org.springframework.security.web.session.SessionManagementFilter.doFilter(SessionManagementFilter.java:81)
	at org.springframework.security.web.FilterChainProxy$VirtualFilterChain.doFilter(FilterChainProxy.java:336)
	at org.springframework.security.web.authentication.AnonymousAuthenticationFilter.doFilter(AnonymousAuthenticationFilter.java:109)
	at org.springframework.security.web.FilterChainProxy$VirtualFilterChain.doFilter(FilterChainProxy.java:336)
	at org.springframework.security.web.servletapi.SecurityContextHolderAwareRequestFilter.doFilter(SecurityContextHolderAwareRequestFilter.java:149)
	at org.springframework.security.web.FilterChainProxy$VirtualFilterChain.doFilter(FilterChainProxy.java:336)
	at org.springframework.security.web.savedrequest.RequestCacheAwareFilter.doFilter(RequestCacheAwareFilter.java:63)
	at org.springframework.security.web.FilterChainProxy$VirtualFilterChain.doFilter(FilterChainProxy.java:336)
	at by.itacademy.classifier.controller.filter.JwtFilter.doFilterInternal(JwtFilter.java:95)
	at org.springframework.web.filter.OncePerRequestFilter.doFilter(OncePerRequestFilter.java:117)
	at org.springframework.security.web.FilterChainProxy$VirtualFilterChain.doFilter(FilterChainProxy.java:336)
	at org.springframework.security.web.authentication.logout.LogoutFilter.doFilter(LogoutFilter.java:103)
	at org.springframework.security.web.authentication.logout.LogoutFilter.doFilter(LogoutFilter.java:89)
	at org.springframework.security.web.FilterChainProxy$VirtualFilterChain.doFilter(FilterChainProxy.java:336)
	at org.springframework.web.filter.CorsFilter.doFilterInternal(CorsFilter.java:91)
	at org.springframework.web.filter.OncePerRequestFilter.doFilter(OncePerRequestFilter.java:117)
	at org.springframework.security.web.FilterChainProxy$VirtualFilterChain.doFilter(FilterChainProxy.java:336)
	at org.springframework.security.web.header.HeaderWriterFilter.doHeadersAfter(HeaderWriterFilter.java:90)
	at org.springframework.security.web.header.HeaderWriterFilter.doFilterInternal(HeaderWriterFilter.java:75)
	at org.springframework.web.filter.OncePerRequestFilter.doFilter(OncePerRequestFilter.java:117)
	at org.springframework.security.web.FilterChainProxy$VirtualFilterChain.doFilter(FilterChainProxy.java:336)
	at org.springframework.security.web.context.SecurityContextPersistenceFilter.doFilter(SecurityContextPersistenceFilter.java:110)
	at org.springframework.security.web.context.SecurityContextPersistenceFilter.doFilter(SecurityContextPersistenceFilter.java:80)
	at org.springframework.security.web.FilterChainProxy$VirtualFilterChain.doFilter(FilterChainProxy.java:336)
	at org.springframework.security.web.context.request.async.WebAsyncManagerIntegrationFilter.doFilterInternal(WebAsyncManagerIntegrationFilter.java:55)
	at org.springframework.web.filter.OncePerRequestFilter.doFilter(OncePerRequestFilter.java:117)
	at org.springframework.security.web.FilterChainProxy$VirtualFilterChain.doFilter(FilterChainProxy.java:336)
	at org.springframework.security.web.FilterChainProxy.doFilterInternal(FilterChainProxy.java:211)
	at org.springframework.security.web.FilterChainProxy.doFilter(FilterChainProxy.java:183)
	at org.springframework.web.filter.DelegatingFilterProxy.invokeDelegate(DelegatingFilterProxy.java:354)
	at org.springframework.web.filter.DelegatingFilterProxy.doFilter(DelegatingFilterProxy.java:267)
	at org.apache.catalina.core.ApplicationFilterChain.internalDoFilter(ApplicationFilterChain.java:189)
	at org.apache.catalina.core.ApplicationFilterChain.doFilter(ApplicationFilterChain.java:162)
	at org.springframework.web.filter.RequestContextFilter.doFilterInternal(RequestContextFilter.java:100)
	at org.springframework.web.filter.OncePerRequestFilter.doFilter(OncePerRequestFilter.java:117)
	at org.apache.catalina.core.ApplicationFilterChain.internalDoFilter(ApplicationFilterChain.java:189)
	at org.apache.catalina.core.ApplicationFilterChain.doFilter(ApplicationFilterChain.java:162)
	at org.springframework.web.filter.FormContentFilter.doFilterInternal(FormContentFilter.java:93)
	at org.springframework.web.filter.OncePerRequestFilter.doFilter(OncePerRequestFilter.java:117)
	at org.apache.catalina.core.ApplicationFilterChain.internalDoFilter(ApplicationFilterChain.java:189)
	at org.apache.catalina.core.ApplicationFilterChain.doFilter(ApplicationFilterChain.java:162)
	at org.springframework.web.filter.CharacterEncodingFilter.doFilterInternal(CharacterEncodingFilter.java:201)
	at org.springframework.web.filter.OncePerRequestFilter.doFilter(OncePerRequestFilter.java:117)
	at org.apache.catalina.core.ApplicationFilterChain.internalDoFilter(ApplicationFilterChain.java:189)
	at org.apache.catalina.core.ApplicationFilterChain.doFilter(ApplicationFilterChain.java:162)
	at org.apache.catalina.core.StandardWrapperValve.invoke(StandardWrapperValve.java:197)
	at org.apache.catalina.core.StandardContextValve.invoke(StandardContextValve.java:97)
	at org.apache.catalina.authenticator.AuthenticatorBase.invoke(AuthenticatorBase.java:541)
	at org.apache.catalina.core.StandardHostValve.invoke(StandardHostValve.java:135)
	at org.apache.catalina.valves.ErrorReportValve.invoke(ErrorReportValve.java:92)
	at org.apache.catalina.core.StandardEngineValve.invoke(StandardEngineValve.java:78)
	at org.apache.catalina.connector.CoyoteAdapter.service(CoyoteAdapter.java:360)
	at org.apache.coyote.http11.Http11Processor.service(Http11Processor.java:399)
	at org.apache.coyote.AbstractProcessorLight.process(AbstractProcessorLight.java:65)
	at org.apache.coyote.AbstractProtocol$ConnectionHandler.process(AbstractProtocol.java:890)
	at org.apache.tomcat.util.net.NioEndpoint$SocketProcessor.doRun(NioEndpoint.java:1743)
	at org.apache.tomcat.util.net.SocketProcessorBase.run(SocketProcessorBase.java:49)
	at org.apache.tomcat.util.threads.ThreadPoolExecutor.runWorker(ThreadPoolExecutor.java:1191)
	at org.apache.tomcat.util.threads.ThreadPoolExecutor$Worker.run(ThreadPoolExecutor.java:659)
	at org.apache.tomcat.util.threads.TaskThread$WrappingRunnable.run(TaskThread.java:61)
	at java.base/java.lang.Thread.run(Thread.java:834)
2022-06-06 16:45:25,229 ERROR by.itacademy.classifier.dto.util.validator.CategoryDtoValidator [http-nio-8082-exec-7] Category Спорт is not valid.
2022-06-06 16:45:25,230 ERROR by.itacademy.classifier.dto.util.validator.CategoryDtoValidator [http-nio-8082-exec-7] CategoryDto is not valid.
by.itacademy.classifier.advice.MultipleValidateException: null
	at by.itacademy.classifier.dto.util.validator.CategoryDtoValidator.validateDto(CategoryDtoValidator.java:25)
	at by.itacademy.classifier.service.CategoryService.add(CategoryService.java:38)
	at by.itacademy.classifier.controller.ClassifierController.addCategory(ClassifierController.java:45)
	at java.base/jdk.internal.reflect.NativeMethodAccessorImpl.invoke0(Native Method)
	at java.base/jdk.internal.reflect.NativeMethodAccessorImpl.invoke(NativeMethodAccessorImpl.java:62)
	at java.base/jdk.internal.reflect.DelegatingMethodAccessorImpl.invoke(DelegatingMethodAccessorImpl.java:43)
	at java.base/java.lang.reflect.Method.invoke(Method.java:566)
	at org.springframework.web.method.support.InvocableHandlerMethod.doInvoke(InvocableHandlerMethod.java:205)
	at org.springframework.web.method.support.InvocableHandlerMethod.invokeForRequest(InvocableHandlerMethod.java:150)
	at org.springframework.web.servlet.mvc.method.annotation.ServletInvocableHandlerMethod.invokeAndHandle(ServletInvocableHandlerMethod.java:117)
	at org.springframework.web.servlet.mvc.method.annotation.RequestMappingHandlerAdapter.invokeHandlerMethod(RequestMappingHandlerAdapter.java:895)
	at org.springframework.web.servlet.mvc.method.annotation.RequestMappingHandlerAdapter.handleInternal(RequestMappingHandlerAdapter.java:808)
	at org.springframework.web.servlet.mvc.method.AbstractHandlerMethodAdapter.handle(AbstractHandlerMethodAdapter.java:87)
	at org.springframework.web.servlet.DispatcherServlet.doDispatch(DispatcherServlet.java:1067)
	at org.springframework.web.servlet.DispatcherServlet.doService(DispatcherServlet.java:963)
	at org.springframework.web.servlet.FrameworkServlet.processRequest(FrameworkServlet.java:1006)
	at org.springframework.web.servlet.FrameworkServlet.doPost(FrameworkServlet.java:909)
	at javax.servlet.http.HttpServlet.service(HttpServlet.java:681)
	at org.springframework.web.servlet.FrameworkServlet.service(FrameworkServlet.java:883)
	at javax.servlet.http.HttpServlet.service(HttpServlet.java:764)
	at org.apache.catalina.core.ApplicationFilterChain.internalDoFilter(ApplicationFilterChain.java:227)
	at org.apache.catalina.core.ApplicationFilterChain.doFilter(ApplicationFilterChain.java:162)
	at org.apache.tomcat.websocket.server.WsFilter.doFilter(WsFilter.java:53)
	at org.apache.catalina.core.ApplicationFilterChain.internalDoFilter(ApplicationFilterChain.java:189)
	at org.apache.catalina.core.ApplicationFilterChain.doFilter(ApplicationFilterChain.java:162)
	at org.springframework.web.filter.OncePerRequestFilter.doFilter(OncePerRequestFilter.java:111)
	at org.apache.catalina.core.ApplicationFilterChain.internalDoFilter(ApplicationFilterChain.java:189)
	at org.apache.catalina.core.ApplicationFilterChain.doFilter(ApplicationFilterChain.java:162)
	at org.springframework.security.web.FilterChainProxy$VirtualFilterChain.doFilter(FilterChainProxy.java:327)
	at org.springframework.security.web.access.intercept.FilterSecurityInterceptor.invoke(FilterSecurityInterceptor.java:115)
	at org.springframework.security.web.access.intercept.FilterSecurityInterceptor.doFilter(FilterSecurityInterceptor.java:81)
	at org.springframework.security.web.FilterChainProxy$VirtualFilterChain.doFilter(FilterChainProxy.java:336)
	at org.springframework.security.web.access.ExceptionTranslationFilter.doFilter(ExceptionTranslationFilter.java:122)
	at org.springframework.security.web.access.ExceptionTranslationFilter.doFilter(ExceptionTranslationFilter.java:116)
	at org.springframework.security.web.FilterChainProxy$VirtualFilterChain.doFilter(FilterChainProxy.java:336)
	at org.springframework.security.web.session.SessionManagementFilter.doFilter(SessionManagementFilter.java:126)
	at org.springframework.security.web.session.SessionManagementFilter.doFilter(SessionManagementFilter.java:81)
	at org.springframework.security.web.FilterChainProxy$VirtualFilterChain.doFilter(FilterChainProxy.java:336)
	at org.springframework.security.web.authentication.AnonymousAuthenticationFilter.doFilter(AnonymousAuthenticationFilter.java:109)
	at org.springframework.security.web.FilterChainProxy$VirtualFilterChain.doFilter(FilterChainProxy.java:336)
	at org.springframework.security.web.servletapi.SecurityContextHolderAwareRequestFilter.doFilter(SecurityContextHolderAwareRequestFilter.java:149)
	at org.springframework.security.web.FilterChainProxy$VirtualFilterChain.doFilter(FilterChainProxy.java:336)
	at org.springframework.security.web.savedrequest.RequestCacheAwareFilter.doFilter(RequestCacheAwareFilter.java:63)
	at org.springframework.security.web.FilterChainProxy$VirtualFilterChain.doFilter(FilterChainProxy.java:336)
	at by.itacademy.classifier.controller.filter.JwtFilter.doFilterInternal(JwtFilter.java:95)
	at org.springframework.web.filter.OncePerRequestFilter.doFilter(OncePerRequestFilter.java:117)
	at org.springframework.security.web.FilterChainProxy$VirtualFilterChain.doFilter(FilterChainProxy.java:336)
	at org.springframework.security.web.authentication.logout.LogoutFilter.doFilter(LogoutFilter.java:103)
	at org.springframework.security.web.authentication.logout.LogoutFilter.doFilter(LogoutFilter.java:89)
	at org.springframework.security.web.FilterChainProxy$VirtualFilterChain.doFilter(FilterChainProxy.java:336)
	at org.springframework.web.filter.CorsFilter.doFilterInternal(CorsFilter.java:91)
	at org.springframework.web.filter.OncePerRequestFilter.doFilter(OncePerRequestFilter.java:117)
	at org.springframework.security.web.FilterChainProxy$VirtualFilterChain.doFilter(FilterChainProxy.java:336)
	at org.springframework.security.web.header.HeaderWriterFilter.doHeadersAfter(HeaderWriterFilter.java:90)
	at org.springframework.security.web.header.HeaderWriterFilter.doFilterInternal(HeaderWriterFilter.java:75)
	at org.springframework.web.filter.OncePerRequestFilter.doFilter(OncePerRequestFilter.java:117)
	at org.springframework.security.web.FilterChainProxy$VirtualFilterChain.doFilter(FilterChainProxy.java:336)
	at org.springframework.security.web.context.SecurityContextPersistenceFilter.doFilter(SecurityContextPersistenceFilter.java:110)
	at org.springframework.security.web.context.SecurityContextPersistenceFilter.doFilter(SecurityContextPersistenceFilter.java:80)
	at org.springframework.security.web.FilterChainProxy$VirtualFilterChain.doFilter(FilterChainProxy.java:336)
	at org.springframework.security.web.context.request.async.WebAsyncManagerIntegrationFilter.doFilterInternal(WebAsyncManagerIntegrationFilter.java:55)
	at org.springframework.web.filter.OncePerRequestFilter.doFilter(OncePerRequestFilter.java:117)
	at org.springframework.security.web.FilterChainProxy$VirtualFilterChain.doFilter(FilterChainProxy.java:336)
	at org.springframework.security.web.FilterChainProxy.doFilterInternal(FilterChainProxy.java:211)
	at org.springframework.security.web.FilterChainProxy.doFilter(FilterChainProxy.java:183)
	at org.springframework.web.filter.DelegatingFilterProxy.invokeDelegate(DelegatingFilterProxy.java:354)
	at org.springframework.web.filter.DelegatingFilterProxy.doFilter(DelegatingFilterProxy.java:267)
	at org.apache.catalina.core.ApplicationFilterChain.internalDoFilter(ApplicationFilterChain.java:189)
	at org.apache.catalina.core.ApplicationFilterChain.doFilter(ApplicationFilterChain.java:162)
	at org.springframework.web.filter.RequestContextFilter.doFilterInternal(RequestContextFilter.java:100)
	at org.springframework.web.filter.OncePerRequestFilter.doFilter(OncePerRequestFilter.java:117)
	at org.apache.catalina.core.ApplicationFilterChain.internalDoFilter(ApplicationFilterChain.java:189)
	at org.apache.catalina.core.ApplicationFilterChain.doFilter(ApplicationFilterChain.java:162)
	at org.springframework.web.filter.FormContentFilter.doFilterInternal(FormContentFilter.java:93)
	at org.springframework.web.filter.OncePerRequestFilter.doFilter(OncePerRequestFilter.java:117)
	at org.apache.catalina.core.ApplicationFilterChain.internalDoFilter(ApplicationFilterChain.java:189)
	at org.apache.catalina.core.ApplicationFilterChain.doFilter(ApplicationFilterChain.java:162)
	at org.springframework.web.filter.CharacterEncodingFilter.doFilterInternal(CharacterEncodingFilter.java:201)
	at org.springframework.web.filter.OncePerRequestFilter.doFilter(OncePerRequestFilter.java:117)
	at org.apache.catalina.core.ApplicationFilterChain.internalDoFilter(ApplicationFilterChain.java:189)
	at org.apache.catalina.core.ApplicationFilterChain.doFilter(ApplicationFilterChain.java:162)
	at org.apache.catalina.core.StandardWrapperValve.invoke(StandardWrapperValve.java:197)
	at org.apache.catalina.core.StandardContextValve.invoke(StandardContextValve.java:97)
	at org.apache.catalina.authenticator.AuthenticatorBase.invoke(AuthenticatorBase.java:541)
	at org.apache.catalina.core.StandardHostValve.invoke(StandardHostValve.java:135)
	at org.apache.catalina.valves.ErrorReportValve.invoke(ErrorReportValve.java:92)
	at org.apache.catalina.core.StandardEngineValve.invoke(StandardEngineValve.java:78)
	at org.apache.catalina.connector.CoyoteAdapter.service(CoyoteAdapter.java:360)
	at org.apache.coyote.http11.Http11Processor.service(Http11Processor.java:399)
	at org.apache.coyote.AbstractProcessorLight.process(AbstractProcessorLight.java:65)
	at org.apache.coyote.AbstractProtocol$ConnectionHandler.process(AbstractProtocol.java:890)
	at org.apache.tomcat.util.net.NioEndpoint$SocketProcessor.doRun(NioEndpoint.java:1743)
	at org.apache.tomcat.util.net.SocketProcessorBase.run(SocketProcessorBase.java:49)
	at org.apache.tomcat.util.threads.ThreadPoolExecutor.runWorker(ThreadPoolExecutor.java:1191)
	at org.apache.tomcat.util.threads.ThreadPoolExecutor$Worker.run(ThreadPoolExecutor.java:659)
	at org.apache.tomcat.util.threads.TaskThread$WrappingRunnable.run(TaskThread.java:61)
	at java.base/java.lang.Thread.run(Thread.java:834)
2022-06-06 17:02:22,273 INFO org.springframework.boot.StartupInfoLogger [main] Starting ClassifierApplication using Java 11.0.14 on Alexey with PID 4132 (D:\Alexey\final project\finance\classifier-service\target\classes started by Алексей in D:\Alexey\final project\finance)
2022-06-06 17:02:22,289 INFO org.springframework.boot.SpringApplication [main] No active profile set, falling back to 1 default profile: "default"
2022-06-06 17:02:22,976 INFO org.springframework.data.repository.config.RepositoryConfigurationDelegate [main] Bootstrapping Spring Data JPA repositories in DEFAULT mode.
2022-06-06 17:02:23,023 INFO org.springframework.data.repository.config.RepositoryConfigurationDelegate [main] Finished Spring Data repository scanning in 45 ms. Found 2 JPA repository interfaces.
2022-06-06 17:02:23,429 INFO org.springframework.boot.web.embedded.tomcat.TomcatWebServer [main] Tomcat initialized with port(s): 8082 (http)
2022-06-06 17:02:23,445 INFO org.apache.juli.logging.DirectJDKLog [main] Initializing ProtocolHandler ["http-nio-8082"]
2022-06-06 17:02:23,445 INFO org.apache.juli.logging.DirectJDKLog [main] Starting service [Tomcat]
2022-06-06 17:02:23,445 INFO org.apache.juli.logging.DirectJDKLog [main] Starting Servlet engine: [Apache Tomcat/9.0.62]
2022-06-06 17:02:23,539 INFO org.apache.juli.logging.DirectJDKLog [main] Initializing Spring embedded WebApplicationContext
2022-06-06 17:02:23,539 INFO org.springframework.boot.web.servlet.context.ServletWebServerApplicationContext [main] Root WebApplicationContext: initialization completed in 1204 ms
2022-06-06 17:02:23,648 INFO com.zaxxer.hikari.HikariDataSource [main] HikariPool-1 - Starting...
2022-06-06 17:02:23,773 INFO com.zaxxer.hikari.HikariDataSource [main] HikariPool-1 - Start completed.
2022-06-06 17:02:23,804 INFO org.hibernate.jpa.internal.util.LogHelper [main] HHH000204: Processing PersistenceUnitInfo [name: default]
2022-06-06 17:02:23,851 INFO org.hibernate.Version [main] HHH000412: Hibernate ORM core version 5.6.8.Final
2022-06-06 17:02:23,960 INFO org.hibernate.annotations.common.reflection.java.JavaReflectionManager [main] HCANN000001: Hibernate Commons Annotations {5.1.2.Final}
2022-06-06 17:02:24,054 INFO org.hibernate.dialect.Dialect [main] HHH000400: Using dialect: org.hibernate.dialect.PostgreSQL10Dialect
2022-06-06 17:02:24,461 INFO org.hibernate.engine.transaction.jta.platform.internal.JtaPlatformInitiator [main] HHH000490: Using JtaPlatform implementation: [org.hibernate.engine.transaction.jta.platform.internal.NoJtaPlatform]
2022-06-06 17:02:24,476 INFO org.springframework.orm.jpa.AbstractEntityManagerFactoryBean [main] Initialized JPA EntityManagerFactory for persistence unit 'default'
2022-06-06 17:02:24,507 WARN org.springframework.boot.autoconfigure.orm.jpa.JpaBaseConfiguration$JpaWebConfiguration [main] spring.jpa.open-in-view is enabled by default. Therefore, database queries may be performed during view rendering. Explicitly configure spring.jpa.open-in-view to disable this warning
2022-06-06 17:02:24,726 WARN org.springframework.boot.autoconfigure.security.servlet.UserDetailsServiceAutoConfiguration [main] 

Using generated security password: 9d98f3d0-e484-4e8d-9761-023def3a2a0a

This generated password is for development use only. Your security configuration must be updated before running your application in production.

2022-06-06 17:02:24,898 INFO org.springframework.security.web.DefaultSecurityFilterChain [main] Will secure any request with [org.springframework.security.web.context.request.async.WebAsyncManagerIntegrationFilter@4c614d8c, org.springframework.security.web.context.SecurityContextPersistenceFilter@2fcffc05, org.springframework.security.web.header.HeaderWriterFilter@65b680b4, org.springframework.web.filter.CorsFilter@2ae4c424, org.springframework.security.web.authentication.logout.LogoutFilter@4e4af370, by.itacademy.classifier.controller.filter.JwtFilter@7fad214a, org.springframework.security.web.savedrequest.RequestCacheAwareFilter@ea84346, org.springframework.security.web.servletapi.SecurityContextHolderAwareRequestFilter@29394966, org.springframework.security.web.authentication.AnonymousAuthenticationFilter@3980b44f, org.springframework.security.web.session.SessionManagementFilter@27bbe773, org.springframework.security.web.access.ExceptionTranslationFilter@2c465259, org.springframework.security.web.access.intercept.FilterSecurityInterceptor@2699b656]
2022-06-06 17:02:25,039 INFO org.apache.juli.logging.DirectJDKLog [main] Starting ProtocolHandler ["http-nio-8082"]
2022-06-06 17:02:25,054 INFO org.springframework.boot.web.embedded.tomcat.TomcatWebServer [main] Tomcat started on port(s): 8082 (http) with context path ''
2022-06-06 17:02:25,070 INFO org.springframework.boot.StartupInfoLogger [main] Started ClassifierApplication in 3.323 seconds (JVM running for 4.039)
2022-06-06 17:03:03,041 INFO org.apache.juli.logging.DirectJDKLog [http-nio-8082-exec-1] Initializing Spring DispatcherServlet 'dispatcherServlet'
2022-06-06 17:03:03,041 INFO org.springframework.web.servlet.FrameworkServlet [http-nio-8082-exec-1] Initializing Servlet 'dispatcherServlet'
2022-06-06 17:03:03,041 INFO org.springframework.web.servlet.FrameworkServlet [http-nio-8082-exec-1] Completed initialization in 0 ms
