2022-06-06 17:03:54,119 INFO org.springframework.boot.StartupInfoLogger [main] Starting MailApplication using Java 11.0.14 on Alexey with PID 2976 (D:\Alexey\final project\finance\mail-service\target\classes started by Алексей in D:\Alexey\final project\finance)
2022-06-06 17:03:54,119 INFO org.springframework.boot.SpringApplication [main] No active profile set, falling back to 1 default profile: "default"
2022-06-06 17:03:54,760 INFO org.springframework.data.repository.config.RepositoryConfigurationDelegate [main] Bootstrapping Spring Data JPA repositories in DEFAULT mode.
2022-06-06 17:03:54,776 INFO org.springframework.data.repository.config.RepositoryConfigurationDelegate [main] Finished Spring Data repository scanning in 8 ms. Found 0 JPA repository interfaces.
2022-06-06 17:03:55,166 INFO org.springframework.boot.web.embedded.tomcat.TomcatWebServer [main] Tomcat initialized with port(s): 8085 (http)
2022-06-06 17:03:55,166 INFO org.apache.juli.logging.DirectJDKLog [main] Initializing ProtocolHandler ["http-nio-8085"]
2022-06-06 17:03:55,166 INFO org.apache.juli.logging.DirectJDKLog [main] Starting service [Tomcat]
2022-06-06 17:03:55,166 INFO org.apache.juli.logging.DirectJDKLog [main] Starting Servlet engine: [Apache Tomcat/9.0.62]
2022-06-06 17:03:55,276 INFO org.apache.juli.logging.DirectJDKLog [main] Initializing Spring embedded WebApplicationContext
2022-06-06 17:03:55,276 INFO org.springframework.boot.web.servlet.context.ServletWebServerApplicationContext [main] Root WebApplicationContext: initialization completed in 1110 ms
2022-06-06 17:03:55,385 INFO com.zaxxer.hikari.HikariDataSource [main] HikariPool-1 - Starting...
2022-06-06 17:03:55,526 INFO com.zaxxer.hikari.HikariDataSource [main] HikariPool-1 - Start completed.
2022-06-06 17:03:55,573 INFO org.hibernate.jpa.internal.util.LogHelper [main] HHH000204: Processing PersistenceUnitInfo [name: default]
2022-06-06 17:03:55,604 INFO org.hibernate.Version [main] HHH000412: Hibernate ORM core version 5.6.8.Final
2022-06-06 17:03:55,713 INFO org.hibernate.annotations.common.reflection.java.JavaReflectionManager [main] HCANN000001: Hibernate Commons Annotations {5.1.2.Final}
2022-06-06 17:03:55,807 INFO org.hibernate.dialect.Dialect [main] HHH000400: Using dialect: org.hibernate.dialect.PostgreSQL10Dialect
2022-06-06 17:03:55,948 INFO org.hibernate.engine.transaction.jta.platform.internal.JtaPlatformInitiator [main] HHH000490: Using JtaPlatform implementation: [org.hibernate.engine.transaction.jta.platform.internal.NoJtaPlatform]
2022-06-06 17:03:55,948 INFO org.springframework.orm.jpa.AbstractEntityManagerFactoryBean [main] Initialized JPA EntityManagerFactory for persistence unit 'default'
2022-06-06 17:03:55,994 WARN org.springframework.boot.autoconfigure.orm.jpa.JpaBaseConfiguration$JpaWebConfiguration [main] spring.jpa.open-in-view is enabled by default. Therefore, database queries may be performed during view rendering. Explicitly configure spring.jpa.open-in-view to disable this warning
2022-06-06 17:03:56,135 WARN org.springframework.boot.autoconfigure.security.servlet.UserDetailsServiceAutoConfiguration [main] 

Using generated security password: e319e5ef-3065-494e-98b0-34aa1da357e8

This generated password is for development use only. Your security configuration must be updated before running your application in production.

2022-06-06 17:03:56,260 INFO org.springframework.security.web.DefaultSecurityFilterChain [main] Will secure any request with [org.springframework.security.web.context.request.async.WebAsyncManagerIntegrationFilter@1686ed85, org.springframework.security.web.context.SecurityContextPersistenceFilter@40538370, org.springframework.security.web.header.HeaderWriterFilter@627acb38, org.springframework.web.filter.CorsFilter@5891b7c5, org.springframework.security.web.authentication.logout.LogoutFilter@1530d0f2, by.itacademy.mail.controller.filter.JwtFilter@3cd26422, org.springframework.security.web.savedrequest.RequestCacheAwareFilter@18faaff6, org.springframework.security.web.servletapi.SecurityContextHolderAwareRequestFilter@7c9372ed, org.springframework.security.web.authentication.AnonymousAuthenticationFilter@4fc3529, org.springframework.security.web.session.SessionManagementFilter@26d73519, org.springframework.security.web.access.ExceptionTranslationFilter@3fe8ad3f, org.springframework.security.web.access.intercept.FilterSecurityInterceptor@78e043e4]
2022-06-06 17:03:56,416 INFO org.apache.juli.logging.DirectJDKLog [main] Starting ProtocolHandler ["http-nio-8085"]
2022-06-06 17:03:56,432 INFO org.springframework.boot.web.embedded.tomcat.TomcatWebServer [main] Tomcat started on port(s): 8085 (http) with context path ''
2022-06-06 17:03:56,448 INFO org.springframework.boot.StartupInfoLogger [main] Started MailApplication in 2.982 seconds (JVM running for 4.162)
2022-06-06 17:08:46,017 INFO org.apache.juli.logging.DirectJDKLog [http-nio-8085-exec-2] Initializing Spring DispatcherServlet 'dispatcherServlet'
2022-06-06 17:08:46,019 INFO org.springframework.web.servlet.FrameworkServlet [http-nio-8085-exec-2] Initializing Servlet 'dispatcherServlet'
2022-06-06 17:08:46,024 INFO org.springframework.web.servlet.FrameworkServlet [http-nio-8085-exec-2] Completed initialization in 5 ms
2022-06-06 17:09:25,876 INFO by.itacademy.mail.service.MailService [http-nio-8085-exec-4] Mail with report sent to [alexmapid83@gmail.com, alexeykozlovskiy83@gmail.com]
2022-06-06 17:09:31,221 INFO by.itacademy.mail.service.MailService [http-nio-8085-exec-4] Mail with report sent to [alexmapid83@gmail.com, alexeykozlovskiy83@gmail.com]
