2022-06-06 17:06:05,530 INFO org.springframework.boot.StartupInfoLogger [main] Starting ReportApplication using Java 11.0.14 on Alexey with PID 10596 (D:\Alexey\final project\finance\report-service\target\classes started by Алексей in D:\Alexey\final project\finance)
2022-06-06 17:06:05,537 INFO org.springframework.boot.SpringApplication [main] No active profile set, falling back to 1 default profile: "default"
2022-06-06 17:06:06,421 INFO org.springframework.data.repository.config.RepositoryConfigurationDelegate [main] Bootstrapping Spring Data JPA repositories in DEFAULT mode.
2022-06-06 17:06:06,478 INFO org.springframework.data.repository.config.RepositoryConfigurationDelegate [main] Finished Spring Data repository scanning in 50 ms. Found 2 JPA repository interfaces.
2022-06-06 17:06:06,953 INFO org.springframework.boot.web.embedded.tomcat.TomcatWebServer [main] Tomcat initialized with port(s): 8084 (http)
2022-06-06 17:06:06,961 INFO org.apache.juli.logging.DirectJDKLog [main] Initializing ProtocolHandler ["http-nio-8084"]
2022-06-06 17:06:06,961 INFO org.apache.juli.logging.DirectJDKLog [main] Starting service [Tomcat]
2022-06-06 17:06:06,962 INFO org.apache.juli.logging.DirectJDKLog [main] Starting Servlet engine: [Apache Tomcat/9.0.62]
2022-06-06 17:06:07,084 INFO org.apache.juli.logging.DirectJDKLog [main] Initializing Spring embedded WebApplicationContext
2022-06-06 17:06:07,084 INFO org.springframework.boot.web.servlet.context.ServletWebServerApplicationContext [main] Root WebApplicationContext: initialization completed in 1489 ms
2022-06-06 17:06:07,201 INFO com.zaxxer.hikari.HikariDataSource [main] HikariPool-1 - Starting...
2022-06-06 17:06:07,336 INFO com.zaxxer.hikari.HikariDataSource [main] HikariPool-1 - Start completed.
2022-06-06 17:06:07,372 INFO org.hibernate.jpa.internal.util.LogHelper [main] HHH000204: Processing PersistenceUnitInfo [name: default]
2022-06-06 17:06:07,407 INFO org.hibernate.Version [main] HHH000412: Hibernate ORM core version 5.6.8.Final
2022-06-06 17:06:07,518 INFO org.hibernate.annotations.common.reflection.java.JavaReflectionManager [main] HCANN000001: Hibernate Commons Annotations {5.1.2.Final}
2022-06-06 17:06:07,609 INFO org.hibernate.dialect.Dialect [main] HHH000400: Using dialect: org.hibernate.dialect.PostgreSQL10Dialect
2022-06-06 17:06:08,023 INFO org.hibernate.engine.transaction.jta.platform.internal.JtaPlatformInitiator [main] HHH000490: Using JtaPlatform implementation: [org.hibernate.engine.transaction.jta.platform.internal.NoJtaPlatform]
2022-06-06 17:06:08,030 INFO org.springframework.orm.jpa.AbstractEntityManagerFactoryBean [main] Initialized JPA EntityManagerFactory for persistence unit 'default'
2022-06-06 17:06:08,068 WARN org.springframework.boot.autoconfigure.orm.jpa.JpaBaseConfiguration$JpaWebConfiguration [main] spring.jpa.open-in-view is enabled by default. Therefore, database queries may be performed during view rendering. Explicitly configure spring.jpa.open-in-view to disable this warning
2022-06-06 17:06:08,441 WARN org.springframework.boot.autoconfigure.security.servlet.UserDetailsServiceAutoConfiguration [main] 

Using generated security password: c666dad2-7f42-4dd6-81fe-f5951f6679a4

This generated password is for development use only. Your security configuration must be updated before running your application in production.

2022-06-06 17:06:08,566 INFO org.springframework.security.web.DefaultSecurityFilterChain [main] Will secure any request with [org.springframework.security.web.context.request.async.WebAsyncManagerIntegrationFilter@3d12f065, org.springframework.security.web.context.SecurityContextPersistenceFilter@776a3365, org.springframework.security.web.header.HeaderWriterFilter@71f10042, org.springframework.web.filter.CorsFilter@57fc6759, org.springframework.security.web.authentication.logout.LogoutFilter@68a94e58, by.itacademy.report.controller.filter.JwtFilter@49f3ff41, org.springframework.security.web.savedrequest.RequestCacheAwareFilter@2e20c20b, org.springframework.security.web.servletapi.SecurityContextHolderAwareRequestFilter@45295cfd, org.springframework.security.web.authentication.AnonymousAuthenticationFilter@33a7331, org.springframework.security.web.session.SessionManagementFilter@5b6f3d0b, org.springframework.security.web.access.ExceptionTranslationFilter@5764d421, org.springframework.security.web.access.intercept.FilterSecurityInterceptor@35f35c59]
2022-06-06 17:06:08,698 INFO org.apache.juli.logging.DirectJDKLog [main] Starting ProtocolHandler ["http-nio-8084"]
2022-06-06 17:06:08,728 INFO org.springframework.boot.web.embedded.tomcat.TomcatWebServer [main] Tomcat started on port(s): 8084 (http) with context path ''
2022-06-06 17:06:08,748 INFO org.springframework.boot.StartupInfoLogger [main] Started ReportApplication in 3.804 seconds (JVM running for 4.96)
2022-06-06 17:08:31,446 INFO org.apache.juli.logging.DirectJDKLog [http-nio-8084-exec-2] Initializing Spring DispatcherServlet 'dispatcherServlet'
2022-06-06 17:08:31,447 INFO org.springframework.web.servlet.FrameworkServlet [http-nio-8084-exec-2] Initializing Servlet 'dispatcherServlet'
2022-06-06 17:08:31,448 INFO org.springframework.web.servlet.FrameworkServlet [http-nio-8084-exec-2] Completed initialization in 1 ms
2022-06-06 17:08:46,324 ERROR by.itacademy.report.service.ReportService [http-nio-8084-exec-4] There is no report with number 213af4cb-a378-4e03-9032-739eaf7624e0 in the data base.
